<?xml version="1.0" encoding="utf-8"?>
<CoverageSession>
  <Summary numSequencePoints="5116" visitedSequencePoints="69" numBranchPoints="10" visitedBranchPoints="3" sequenceCoverage="1.34" branchCoverage="30" maxCyclomaticComplexity="99" minCyclomaticComplexity="51" visitedClasses="8" numClasses="52" visitedMethods="24" numMethods="145" />
  <Modules>
    <Module hash="973F0FB9-ADFB-421E-8560-5FC9CBD033E5">
      <ModulePath>PizzaBox.Domain.dll</ModulePath>
      <ModuleTime>2021-05-11T09:16:36</ModuleTime>
      <ModuleName>PizzaBox.Domain</ModuleName>
      <Files>
        <File uid="1" fullPath="/Users/elwynpalmerton/revature/project-pizzabox-web/PizzaBox.Domain/Models/Crust.cs" />
        <File uid="2" fullPath="/Users/elwynpalmerton/revature/project-pizzabox-web/PizzaBox.Domain/Models/Customer.cs" />
        <File uid="3" fullPath="/Users/elwynpalmerton/revature/project-pizzabox-web/PizzaBox.Domain/Models/Order.cs" />
        <File uid="4" fullPath="/Users/elwynpalmerton/revature/project-pizzabox-web/PizzaBox.Domain/Models/Pizzas/CustomPizza.cs" />
        <File uid="5" fullPath="/Users/elwynpalmerton/revature/project-pizzabox-web/PizzaBox.Domain/Models/Pizzas/MeatPizza.cs" />
        <File uid="6" fullPath="/Users/elwynpalmerton/revature/project-pizzabox-web/PizzaBox.Domain/Models/Pizzas/VeggiePizza.cs" />
        <File uid="7" fullPath="/Users/elwynpalmerton/revature/project-pizzabox-web/PizzaBox.Domain/Models/Size.cs" />
        <File uid="8" fullPath="/Users/elwynpalmerton/revature/project-pizzabox-web/PizzaBox.Domain/Models/Stores/ChicagoStore.cs" />
        <File uid="9" fullPath="/Users/elwynpalmerton/revature/project-pizzabox-web/PizzaBox.Domain/Models/Stores/NewYorkStore.cs" />
        <File uid="10" fullPath="/Users/elwynpalmerton/revature/project-pizzabox-web/PizzaBox.Domain/Models/Topping.cs" />
        <File uid="11" fullPath="/Users/elwynpalmerton/revature/project-pizzabox-web/PizzaBox.Domain/Abstracts/AComponent.cs" />
        <File uid="12" fullPath="/Users/elwynpalmerton/revature/project-pizzabox-web/PizzaBox.Domain/Abstracts/AModel.cs" />
        <File uid="13" fullPath="/Users/elwynpalmerton/revature/project-pizzabox-web/PizzaBox.Domain/Abstracts/APizza.cs" />
        <File uid="14" fullPath="/Users/elwynpalmerton/revature/project-pizzabox-web/PizzaBox.Domain/Abstracts/AStore.cs" />
        <File uid="15" fullPath="/Users/elwynpalmerton/revature/project-pizzabox-web/PizzaBox.Domain/Abstracts/Entity.cs" />
      </Files>
      <Classes>
        <Class>
          <Summary numSequencePoints="1" visitedSequencePoints="0" numBranchPoints="0" visitedBranchPoints="0" sequenceCoverage="0" branchCoverage="100" maxCyclomaticComplexity="1" minCyclomaticComplexity="1" visitedClasses="0" numClasses="1" visitedMethods="0" numMethods="1" />
          <FullName>PizzaBox.Domain.Models.Crust</FullName>
          <Methods>
            <Method cyclomaticComplexity="1" nPathComplexity="0" sequenceCoverage="0" branchCoverage="100" isConstructor="False" isGetter="True" isSetter="False" isStatic="True">
              <Summary numSequencePoints="1" visitedSequencePoints="0" numBranchPoints="0" visitedBranchPoints="0" sequenceCoverage="0" branchCoverage="100" maxCyclomaticComplexity="1" minCyclomaticComplexity="1" visitedClasses="0" numClasses="0" visitedMethods="0" numMethods="1" />
              <MetadataToken />
              <Name>System.Collections.Generic.List`1&lt;PizzaBox.Domain.Abstracts.APizza&gt; PizzaBox.Domain.Models.Crust::get_Pizzas()</Name>
              <FileRef uid="1" />
              <SequencePoints>
                <SequencePoint vc="0" uspid="10" ordinal="0" sl="10" sc="1" el="10" ec="2" bec="0" bev="0" fileid="1" />
              </SequencePoints>
              <BranchPoints />
              <MethodPoint vc="0" uspid="0" p8:type="SequencePoint" ordinal="0" offset="0" sc="0" sl="10" ec="1" el="10" bec="0" bev="0" fileid="1" xmlns:p8="xsi" />
            </Method>
          </Methods>
        </Class>
        <Class>
          <Summary numSequencePoints="17" visitedSequencePoints="0" numBranchPoints="0" visitedBranchPoints="0" sequenceCoverage="0" branchCoverage="100" maxCyclomaticComplexity="1" minCyclomaticComplexity="1" visitedClasses="0" numClasses="1" visitedMethods="0" numMethods="7" />
          <FullName>PizzaBox.Domain.Models.Customer</FullName>
          <Methods>
            <Method cyclomaticComplexity="1" nPathComplexity="0" sequenceCoverage="0" branchCoverage="100" isConstructor="False" isGetter="True" isSetter="False" isStatic="True">
              <Summary numSequencePoints="1" visitedSequencePoints="0" numBranchPoints="0" visitedBranchPoints="0" sequenceCoverage="0" branchCoverage="100" maxCyclomaticComplexity="1" minCyclomaticComplexity="1" visitedClasses="0" numClasses="0" visitedMethods="0" numMethods="1" />
              <MetadataToken />
              <Name>System.String PizzaBox.Domain.Models.Customer::get_Name()</Name>
              <FileRef uid="2" />
              <SequencePoints>
                <SequencePoint vc="0" uspid="11" ordinal="0" sl="11" sc="1" el="11" ec="2" bec="0" bev="0" fileid="2" />
              </SequencePoints>
              <BranchPoints />
              <MethodPoint vc="0" uspid="0" p8:type="SequencePoint" ordinal="0" offset="0" sc="0" sl="11" ec="1" el="11" bec="0" bev="0" fileid="2" xmlns:p8="xsi" />
            </Method>
            <Method cyclomaticComplexity="1" nPathComplexity="0" sequenceCoverage="0" branchCoverage="100" isConstructor="False" isGetter="True" isSetter="False" isStatic="True">
              <Summary numSequencePoints="1" visitedSequencePoints="0" numBranchPoints="0" visitedBranchPoints="0" sequenceCoverage="0" branchCoverage="100" maxCyclomaticComplexity="1" minCyclomaticComplexity="1" visitedClasses="0" numClasses="0" visitedMethods="0" numMethods="1" />
              <MetadataToken />
              <Name>System.String PizzaBox.Domain.Models.Customer::get_Address()</Name>
              <FileRef uid="2" />
              <SequencePoints>
                <SequencePoint vc="0" uspid="12" ordinal="0" sl="12" sc="1" el="12" ec="2" bec="0" bev="0" fileid="2" />
              </SequencePoints>
              <BranchPoints />
              <MethodPoint vc="0" uspid="0" p8:type="SequencePoint" ordinal="1" offset="1" sc="0" sl="12" ec="1" el="12" bec="0" bev="0" fileid="2" xmlns:p8="xsi" />
            </Method>
            <Method cyclomaticComplexity="1" nPathComplexity="0" sequenceCoverage="0" branchCoverage="100" isConstructor="False" isGetter="True" isSetter="False" isStatic="True">
              <Summary numSequencePoints="1" visitedSequencePoints="0" numBranchPoints="0" visitedBranchPoints="0" sequenceCoverage="0" branchCoverage="100" maxCyclomaticComplexity="1" minCyclomaticComplexity="1" visitedClasses="0" numClasses="0" visitedMethods="0" numMethods="1" />
              <MetadataToken />
              <Name>System.String PizzaBox.Domain.Models.Customer::get_PhoneNumber()</Name>
              <FileRef uid="2" />
              <SequencePoints>
                <SequencePoint vc="0" uspid="13" ordinal="0" sl="13" sc="1" el="13" ec="2" bec="0" bev="0" fileid="2" />
              </SequencePoints>
              <BranchPoints />
              <MethodPoint vc="0" uspid="0" p8:type="SequencePoint" ordinal="2" offset="2" sc="0" sl="13" ec="1" el="13" bec="0" bev="0" fileid="2" xmlns:p8="xsi" />
            </Method>
            <Method cyclomaticComplexity="1" nPathComplexity="0" sequenceCoverage="0" branchCoverage="100" isConstructor="False" isGetter="False" isSetter="False" isStatic="True">
              <Summary numSequencePoints="2" visitedSequencePoints="0" numBranchPoints="0" visitedBranchPoints="0" sequenceCoverage="0" branchCoverage="100" maxCyclomaticComplexity="1" minCyclomaticComplexity="1" visitedClasses="0" numClasses="0" visitedMethods="0" numMethods="1" />
              <MetadataToken />
              <Name>System.Void PizzaBox.Domain.Models.Customer::GetCustomerInfo()</Name>
              <FileRef uid="2" />
              <SequencePoints>
                <SequencePoint vc="0" uspid="26" ordinal="0" sl="26" sc="1" el="26" ec="2" bec="0" bev="0" fileid="2" />
                <SequencePoint vc="0" uspid="27" ordinal="1" sl="27" sc="1" el="27" ec="2" bec="0" bev="0" fileid="2" />
              </SequencePoints>
              <BranchPoints />
              <MethodPoint vc="0" uspid="0" p8:type="SequencePoint" ordinal="3" offset="3" sc="0" sl="26" ec="1" el="27" bec="0" bev="0" fileid="2" xmlns:p8="xsi" />
            </Method>
            <Method cyclomaticComplexity="1" nPathComplexity="0" sequenceCoverage="0" branchCoverage="100" isConstructor="False" isGetter="False" isSetter="False" isStatic="True">
              <Summary numSequencePoints="3" visitedSequencePoints="0" numBranchPoints="0" visitedBranchPoints="0" sequenceCoverage="0" branchCoverage="100" maxCyclomaticComplexity="1" minCyclomaticComplexity="1" visitedClasses="0" numClasses="0" visitedMethods="0" numMethods="1" />
              <MetadataToken />
              <Name>System.String PizzaBox.Domain.Models.Customer::ToString()</Name>
              <FileRef uid="2" />
              <SequencePoints>
                <SequencePoint vc="0" uspid="30" ordinal="0" sl="30" sc="1" el="30" ec="2" bec="0" bev="0" fileid="2" />
                <SequencePoint vc="0" uspid="31" ordinal="1" sl="31" sc="1" el="31" ec="2" bec="0" bev="0" fileid="2" />
                <SequencePoint vc="0" uspid="32" ordinal="2" sl="32" sc="1" el="32" ec="2" bec="0" bev="0" fileid="2" />
              </SequencePoints>
              <BranchPoints />
              <MethodPoint vc="0" uspid="0" p8:type="SequencePoint" ordinal="4" offset="4" sc="0" sl="30" ec="1" el="32" bec="0" bev="0" fileid="2" xmlns:p8="xsi" />
            </Method>
            <Method cyclomaticComplexity="1" nPathComplexity="0" sequenceCoverage="0" branchCoverage="100" isConstructor="True" isGetter="False" isSetter="False" isStatic="True">
              <Summary numSequencePoints="6" visitedSequencePoints="0" numBranchPoints="0" visitedBranchPoints="0" sequenceCoverage="0" branchCoverage="100" maxCyclomaticComplexity="1" minCyclomaticComplexity="1" visitedClasses="0" numClasses="0" visitedMethods="0" numMethods="1" />
              <MetadataToken />
              <Name>System.Void PizzaBox.Domain.Models.Customer::.ctor(System.String,System.String,System.String)</Name>
              <FileRef uid="2" />
              <SequencePoints>
                <SequencePoint vc="0" uspid="15" ordinal="0" sl="15" sc="1" el="15" ec="2" bec="0" bev="0" fileid="2" />
                <SequencePoint vc="0" uspid="16" ordinal="1" sl="16" sc="1" el="16" ec="2" bec="0" bev="0" fileid="2" />
                <SequencePoint vc="0" uspid="17" ordinal="2" sl="17" sc="1" el="17" ec="2" bec="0" bev="0" fileid="2" />
                <SequencePoint vc="0" uspid="18" ordinal="3" sl="18" sc="1" el="18" ec="2" bec="0" bev="0" fileid="2" />
                <SequencePoint vc="0" uspid="19" ordinal="4" sl="19" sc="1" el="19" ec="2" bec="0" bev="0" fileid="2" />
                <SequencePoint vc="0" uspid="20" ordinal="5" sl="20" sc="1" el="20" ec="2" bec="0" bev="0" fileid="2" />
              </SequencePoints>
              <BranchPoints />
              <MethodPoint vc="0" uspid="0" p8:type="SequencePoint" ordinal="5" offset="5" sc="0" sl="15" ec="1" el="20" bec="0" bev="0" fileid="2" xmlns:p8="xsi" />
            </Method>
            <Method cyclomaticComplexity="1" nPathComplexity="0" sequenceCoverage="0" branchCoverage="100" isConstructor="True" isGetter="False" isSetter="False" isStatic="True">
              <Summary numSequencePoints="3" visitedSequencePoints="0" numBranchPoints="0" visitedBranchPoints="0" sequenceCoverage="0" branchCoverage="100" maxCyclomaticComplexity="1" minCyclomaticComplexity="1" visitedClasses="0" numClasses="0" visitedMethods="0" numMethods="1" />
              <MetadataToken />
              <Name>System.Void PizzaBox.Domain.Models.Customer::.ctor()</Name>
              <FileRef uid="2" />
              <SequencePoints>
                <SequencePoint vc="0" uspid="22" ordinal="0" sl="22" sc="1" el="22" ec="2" bec="0" bev="0" fileid="2" />
                <SequencePoint vc="0" uspid="23" ordinal="1" sl="23" sc="1" el="23" ec="2" bec="0" bev="0" fileid="2" />
                <SequencePoint vc="0" uspid="24" ordinal="2" sl="24" sc="1" el="24" ec="2" bec="0" bev="0" fileid="2" />
              </SequencePoints>
              <BranchPoints />
              <MethodPoint vc="0" uspid="0" p8:type="SequencePoint" ordinal="6" offset="6" sc="0" sl="22" ec="1" el="24" bec="0" bev="0" fileid="2" xmlns:p8="xsi" />
            </Method>
          </Methods>
        </Class>
        <Class>
          <Summary numSequencePoints="14" visitedSequencePoints="0" numBranchPoints="2" visitedBranchPoints="0" sequenceCoverage="0" branchCoverage="0" maxCyclomaticComplexity="2" minCyclomaticComplexity="1" visitedClasses="0" numClasses="1" visitedMethods="0" numMethods="4" />
          <FullName>PizzaBox.Domain.Models.Order</FullName>
          <Methods>
            <Method cyclomaticComplexity="1" nPathComplexity="0" sequenceCoverage="0" branchCoverage="100" isConstructor="False" isGetter="True" isSetter="False" isStatic="True">
              <Summary numSequencePoints="1" visitedSequencePoints="0" numBranchPoints="0" visitedBranchPoints="0" sequenceCoverage="0" branchCoverage="100" maxCyclomaticComplexity="1" minCyclomaticComplexity="1" visitedClasses="0" numClasses="0" visitedMethods="0" numMethods="1" />
              <MetadataToken />
              <Name>PizzaBox.Domain.Models.Customer PizzaBox.Domain.Models.Order::get_Customer()</Name>
              <FileRef uid="3" />
              <SequencePoints>
                <SequencePoint vc="0" uspid="11" ordinal="0" sl="11" sc="1" el="11" ec="2" bec="0" bev="0" fileid="3" />
              </SequencePoints>
              <BranchPoints />
              <MethodPoint vc="0" uspid="0" p8:type="SequencePoint" ordinal="0" offset="0" sc="0" sl="11" ec="1" el="11" bec="0" bev="0" fileid="3" xmlns:p8="xsi" />
            </Method>
            <Method cyclomaticComplexity="1" nPathComplexity="0" sequenceCoverage="0" branchCoverage="100" isConstructor="False" isGetter="True" isSetter="False" isStatic="True">
              <Summary numSequencePoints="1" visitedSequencePoints="0" numBranchPoints="0" visitedBranchPoints="0" sequenceCoverage="0" branchCoverage="100" maxCyclomaticComplexity="1" minCyclomaticComplexity="1" visitedClasses="0" numClasses="0" visitedMethods="0" numMethods="1" />
              <MetadataToken />
              <Name>PizzaBox.Domain.Abstracts.AStore PizzaBox.Domain.Models.Order::get_Store()</Name>
              <FileRef uid="3" />
              <SequencePoints>
                <SequencePoint vc="0" uspid="14" ordinal="0" sl="14" sc="1" el="14" ec="2" bec="0" bev="0" fileid="3" />
              </SequencePoints>
              <BranchPoints />
              <MethodPoint vc="0" uspid="0" p8:type="SequencePoint" ordinal="1" offset="1" sc="0" sl="14" ec="1" el="14" bec="0" bev="0" fileid="3" xmlns:p8="xsi" />
            </Method>
            <Method cyclomaticComplexity="1" nPathComplexity="0" sequenceCoverage="0" branchCoverage="100" isConstructor="False" isGetter="True" isSetter="False" isStatic="True">
              <Summary numSequencePoints="1" visitedSequencePoints="0" numBranchPoints="0" visitedBranchPoints="0" sequenceCoverage="0" branchCoverage="100" maxCyclomaticComplexity="1" minCyclomaticComplexity="1" visitedClasses="0" numClasses="0" visitedMethods="0" numMethods="1" />
              <MetadataToken />
              <Name>System.Collections.Generic.List`1&lt;PizzaBox.Domain.Abstracts.APizza&gt; PizzaBox.Domain.Models.Order::get_Pizzas()</Name>
              <FileRef uid="3" />
              <SequencePoints>
                <SequencePoint vc="0" uspid="18" ordinal="0" sl="18" sc="1" el="18" ec="2" bec="0" bev="0" fileid="3" />
              </SequencePoints>
              <BranchPoints />
              <MethodPoint vc="0" uspid="0" p8:type="SequencePoint" ordinal="2" offset="2" sc="0" sl="18" ec="1" el="18" bec="0" bev="0" fileid="3" xmlns:p8="xsi" />
            </Method>
            <Method cyclomaticComplexity="2" nPathComplexity="0" sequenceCoverage="0" branchCoverage="0" isConstructor="False" isGetter="False" isSetter="False" isStatic="True">
              <Summary numSequencePoints="11" visitedSequencePoints="0" numBranchPoints="2" visitedBranchPoints="0" sequenceCoverage="0" branchCoverage="0" maxCyclomaticComplexity="2" minCyclomaticComplexity="2" visitedClasses="0" numClasses="0" visitedMethods="0" numMethods="1" />
              <MetadataToken />
              <Name>System.String PizzaBox.Domain.Models.Order::ToString()</Name>
              <FileRef uid="3" />
              <SequencePoints>
                <SequencePoint vc="0" uspid="22" ordinal="0" sl="22" sc="1" el="22" ec="2" bec="0" bev="0" fileid="3" />
                <SequencePoint vc="0" uspid="23" ordinal="1" sl="23" sc="1" el="23" ec="2" bec="0" bev="0" fileid="3" />
                <SequencePoint vc="0" uspid="24" ordinal="2" sl="24" sc="1" el="24" ec="2" bec="0" bev="0" fileid="3" />
                <SequencePoint vc="0" uspid="26" ordinal="3" sl="26" sc="1" el="26" ec="2" bec="0" bev="0" fileid="3" />
                <SequencePoint vc="0" uspid="27" ordinal="4" sl="27" sc="1" el="27" ec="2" bec="0" bev="0" fileid="3" />
                <SequencePoint vc="0" uspid="30" ordinal="5" sl="30" sc="1" el="30" ec="2" bec="2" bev="0" fileid="3" />
                <SequencePoint vc="0" uspid="31" ordinal="6" sl="31" sc="1" el="31" ec="2" bec="0" bev="0" fileid="3" />
                <SequencePoint vc="0" uspid="32" ordinal="7" sl="32" sc="1" el="32" ec="2" bec="0" bev="0" fileid="3" />
                <SequencePoint vc="0" uspid="33" ordinal="8" sl="33" sc="1" el="33" ec="2" bec="0" bev="0" fileid="3" />
                <SequencePoint vc="0" uspid="35" ordinal="9" sl="35" sc="1" el="35" ec="2" bec="0" bev="0" fileid="3" />
                <SequencePoint vc="0" uspid="38" ordinal="10" sl="38" sc="1" el="38" ec="2" bec="0" bev="0" fileid="3" />
              </SequencePoints>
              <BranchPoints>
                <BranchPoint vc="0" uspid="30" ordinal="1" path="1" offset="124" offsetend="84" sl="30" fileid="3" />
                <BranchPoint vc="0" uspid="30" ordinal="0" path="0" offset="124" offsetend="126" sl="30" fileid="3" />
              </BranchPoints>
              <MethodPoint vc="0" uspid="0" p8:type="SequencePoint" ordinal="3" offset="3" sc="0" sl="22" ec="1" el="38" bec="0" bev="0" fileid="3" xmlns:p8="xsi" />
            </Method>
          </Methods>
        </Class>
        <Class>
          <Summary numSequencePoints="12" visitedSequencePoints="12" numBranchPoints="0" visitedBranchPoints="0" sequenceCoverage="100" branchCoverage="100" maxCyclomaticComplexity="1" minCyclomaticComplexity="1" visitedClasses="1" numClasses="1" visitedMethods="4" numMethods="4" />
          <FullName>PizzaBox.Domain.Models.CustomPizza</FullName>
          <Methods>
            <Method cyclomaticComplexity="1" nPathComplexity="0" sequenceCoverage="100" branchCoverage="100" isConstructor="False" isGetter="False" isSetter="False" isStatic="True">
              <Summary numSequencePoints="3" visitedSequencePoints="3" numBranchPoints="0" visitedBranchPoints="0" sequenceCoverage="100" branchCoverage="100" maxCyclomaticComplexity="1" minCyclomaticComplexity="1" visitedClasses="0" numClasses="0" visitedMethods="1" numMethods="1" />
              <MetadataToken />
              <Name>System.Void PizzaBox.Domain.Models.CustomPizza::AddName()</Name>
              <FileRef uid="4" />
              <SequencePoints>
                <SequencePoint vc="1" uspid="11" ordinal="0" sl="11" sc="1" el="11" ec="2" bec="0" bev="0" fileid="4" />
                <SequencePoint vc="1" uspid="12" ordinal="1" sl="12" sc="1" el="12" ec="2" bec="0" bev="0" fileid="4" />
                <SequencePoint vc="1" uspid="13" ordinal="2" sl="13" sc="1" el="13" ec="2" bec="0" bev="0" fileid="4" />
              </SequencePoints>
              <BranchPoints />
              <MethodPoint vc="3" uspid="0" p8:type="SequencePoint" ordinal="0" offset="0" sc="0" sl="11" ec="1" el="13" bec="0" bev="0" fileid="4" xmlns:p8="xsi" />
            </Method>
            <Method cyclomaticComplexity="1" nPathComplexity="0" sequenceCoverage="100" branchCoverage="100" isConstructor="False" isGetter="False" isSetter="False" isStatic="True">
              <Summary numSequencePoints="3" visitedSequencePoints="3" numBranchPoints="0" visitedBranchPoints="0" sequenceCoverage="100" branchCoverage="100" maxCyclomaticComplexity="1" minCyclomaticComplexity="1" visitedClasses="0" numClasses="0" visitedMethods="1" numMethods="1" />
              <MetadataToken />
              <Name>System.Void PizzaBox.Domain.Models.CustomPizza::AddCrust()</Name>
              <FileRef uid="4" />
              <SequencePoints>
                <SequencePoint vc="1" uspid="15" ordinal="0" sl="15" sc="1" el="15" ec="2" bec="0" bev="0" fileid="4" />
                <SequencePoint vc="1" uspid="16" ordinal="1" sl="16" sc="1" el="16" ec="2" bec="0" bev="0" fileid="4" />
                <SequencePoint vc="1" uspid="17" ordinal="2" sl="17" sc="1" el="17" ec="2" bec="0" bev="0" fileid="4" />
              </SequencePoints>
              <BranchPoints />
              <MethodPoint vc="3" uspid="0" p8:type="SequencePoint" ordinal="1" offset="1" sc="0" sl="15" ec="1" el="17" bec="0" bev="0" fileid="4" xmlns:p8="xsi" />
            </Method>
            <Method cyclomaticComplexity="1" nPathComplexity="0" sequenceCoverage="100" branchCoverage="100" isConstructor="False" isGetter="False" isSetter="False" isStatic="True">
              <Summary numSequencePoints="3" visitedSequencePoints="3" numBranchPoints="0" visitedBranchPoints="0" sequenceCoverage="100" branchCoverage="100" maxCyclomaticComplexity="1" minCyclomaticComplexity="1" visitedClasses="0" numClasses="0" visitedMethods="1" numMethods="1" />
              <MetadataToken />
              <Name>System.Void PizzaBox.Domain.Models.CustomPizza::AddSize()</Name>
              <FileRef uid="4" />
              <SequencePoints>
                <SequencePoint vc="1" uspid="20" ordinal="0" sl="20" sc="1" el="20" ec="2" bec="0" bev="0" fileid="4" />
                <SequencePoint vc="1" uspid="21" ordinal="1" sl="21" sc="1" el="21" ec="2" bec="0" bev="0" fileid="4" />
                <SequencePoint vc="1" uspid="22" ordinal="2" sl="22" sc="1" el="22" ec="2" bec="0" bev="0" fileid="4" />
              </SequencePoints>
              <BranchPoints />
              <MethodPoint vc="3" uspid="0" p8:type="SequencePoint" ordinal="2" offset="2" sc="0" sl="20" ec="1" el="22" bec="0" bev="0" fileid="4" xmlns:p8="xsi" />
            </Method>
            <Method cyclomaticComplexity="1" nPathComplexity="0" sequenceCoverage="100" branchCoverage="100" isConstructor="False" isGetter="False" isSetter="False" isStatic="True">
              <Summary numSequencePoints="3" visitedSequencePoints="3" numBranchPoints="0" visitedBranchPoints="0" sequenceCoverage="100" branchCoverage="100" maxCyclomaticComplexity="1" minCyclomaticComplexity="1" visitedClasses="0" numClasses="0" visitedMethods="1" numMethods="1" />
              <MetadataToken />
              <Name>System.Void PizzaBox.Domain.Models.CustomPizza::AddToppings()</Name>
              <FileRef uid="4" />
              <SequencePoints>
                <SequencePoint vc="1" uspid="25" ordinal="0" sl="25" sc="1" el="25" ec="2" bec="0" bev="0" fileid="4" />
                <SequencePoint vc="1" uspid="26" ordinal="1" sl="26" sc="1" el="26" ec="2" bec="0" bev="0" fileid="4" />
                <SequencePoint vc="1" uspid="27" ordinal="2" sl="27" sc="1" el="27" ec="2" bec="0" bev="0" fileid="4" />
              </SequencePoints>
              <BranchPoints />
              <MethodPoint vc="3" uspid="0" p8:type="SequencePoint" ordinal="3" offset="3" sc="0" sl="25" ec="1" el="27" bec="0" bev="0" fileid="4" xmlns:p8="xsi" />
            </Method>
          </Methods>
        </Class>
        <Class>
          <Summary numSequencePoints="12" visitedSequencePoints="12" numBranchPoints="0" visitedBranchPoints="0" sequenceCoverage="100" branchCoverage="100" maxCyclomaticComplexity="1" minCyclomaticComplexity="1" visitedClasses="1" numClasses="1" visitedMethods="4" numMethods="4" />
          <FullName>PizzaBox.Domain.Models.MeatPizza</FullName>
          <Methods>
            <Method cyclomaticComplexity="1" nPathComplexity="0" sequenceCoverage="100" branchCoverage="100" isConstructor="False" isGetter="False" isSetter="False" isStatic="True">
              <Summary numSequencePoints="3" visitedSequencePoints="3" numBranchPoints="0" visitedBranchPoints="0" sequenceCoverage="100" branchCoverage="100" maxCyclomaticComplexity="1" minCyclomaticComplexity="1" visitedClasses="0" numClasses="0" visitedMethods="1" numMethods="1" />
              <MetadataToken />
              <Name>System.Void PizzaBox.Domain.Models.MeatPizza::AddName()</Name>
              <FileRef uid="5" />
              <SequencePoints>
                <SequencePoint vc="1" uspid="11" ordinal="0" sl="11" sc="1" el="11" ec="2" bec="0" bev="0" fileid="5" />
                <SequencePoint vc="1" uspid="12" ordinal="1" sl="12" sc="1" el="12" ec="2" bec="0" bev="0" fileid="5" />
                <SequencePoint vc="1" uspid="13" ordinal="2" sl="13" sc="1" el="13" ec="2" bec="0" bev="0" fileid="5" />
              </SequencePoints>
              <BranchPoints />
              <MethodPoint vc="3" uspid="0" p8:type="SequencePoint" ordinal="0" offset="0" sc="0" sl="11" ec="1" el="13" bec="0" bev="0" fileid="5" xmlns:p8="xsi" />
            </Method>
            <Method cyclomaticComplexity="1" nPathComplexity="0" sequenceCoverage="100" branchCoverage="100" isConstructor="False" isGetter="False" isSetter="False" isStatic="True">
              <Summary numSequencePoints="3" visitedSequencePoints="3" numBranchPoints="0" visitedBranchPoints="0" sequenceCoverage="100" branchCoverage="100" maxCyclomaticComplexity="1" minCyclomaticComplexity="1" visitedClasses="0" numClasses="0" visitedMethods="1" numMethods="1" />
              <MetadataToken />
              <Name>System.Void PizzaBox.Domain.Models.MeatPizza::AddCrust()</Name>
              <FileRef uid="5" />
              <SequencePoints>
                <SequencePoint vc="1" uspid="15" ordinal="0" sl="15" sc="1" el="15" ec="2" bec="0" bev="0" fileid="5" />
                <SequencePoint vc="1" uspid="16" ordinal="1" sl="16" sc="1" el="16" ec="2" bec="0" bev="0" fileid="5" />
                <SequencePoint vc="1" uspid="17" ordinal="2" sl="17" sc="1" el="17" ec="2" bec="0" bev="0" fileid="5" />
              </SequencePoints>
              <BranchPoints />
              <MethodPoint vc="3" uspid="0" p8:type="SequencePoint" ordinal="1" offset="1" sc="0" sl="15" ec="1" el="17" bec="0" bev="0" fileid="5" xmlns:p8="xsi" />
            </Method>
            <Method cyclomaticComplexity="1" nPathComplexity="0" sequenceCoverage="100" branchCoverage="100" isConstructor="False" isGetter="False" isSetter="False" isStatic="True">
              <Summary numSequencePoints="3" visitedSequencePoints="3" numBranchPoints="0" visitedBranchPoints="0" sequenceCoverage="100" branchCoverage="100" maxCyclomaticComplexity="1" minCyclomaticComplexity="1" visitedClasses="0" numClasses="0" visitedMethods="1" numMethods="1" />
              <MetadataToken />
              <Name>System.Void PizzaBox.Domain.Models.MeatPizza::AddSize()</Name>
              <FileRef uid="5" />
              <SequencePoints>
                <SequencePoint vc="1" uspid="20" ordinal="0" sl="20" sc="1" el="20" ec="2" bec="0" bev="0" fileid="5" />
                <SequencePoint vc="1" uspid="21" ordinal="1" sl="21" sc="1" el="21" ec="2" bec="0" bev="0" fileid="5" />
                <SequencePoint vc="1" uspid="22" ordinal="2" sl="22" sc="1" el="22" ec="2" bec="0" bev="0" fileid="5" />
              </SequencePoints>
              <BranchPoints />
              <MethodPoint vc="3" uspid="0" p8:type="SequencePoint" ordinal="2" offset="2" sc="0" sl="20" ec="1" el="22" bec="0" bev="0" fileid="5" xmlns:p8="xsi" />
            </Method>
            <Method cyclomaticComplexity="1" nPathComplexity="0" sequenceCoverage="100" branchCoverage="100" isConstructor="False" isGetter="False" isSetter="False" isStatic="True">
              <Summary numSequencePoints="3" visitedSequencePoints="3" numBranchPoints="0" visitedBranchPoints="0" sequenceCoverage="100" branchCoverage="100" maxCyclomaticComplexity="1" minCyclomaticComplexity="1" visitedClasses="0" numClasses="0" visitedMethods="1" numMethods="1" />
              <MetadataToken />
              <Name>System.Void PizzaBox.Domain.Models.MeatPizza::AddToppings()</Name>
              <FileRef uid="5" />
              <SequencePoints>
                <SequencePoint vc="1" uspid="25" ordinal="0" sl="25" sc="1" el="25" ec="2" bec="0" bev="0" fileid="5" />
                <SequencePoint vc="1" uspid="26" ordinal="1" sl="26" sc="1" el="26" ec="2" bec="0" bev="0" fileid="5" />
                <SequencePoint vc="1" uspid="27" ordinal="2" sl="27" sc="1" el="27" ec="2" bec="0" bev="0" fileid="5" />
              </SequencePoints>
              <BranchPoints />
              <MethodPoint vc="3" uspid="0" p8:type="SequencePoint" ordinal="3" offset="3" sc="0" sl="25" ec="1" el="27" bec="0" bev="0" fileid="5" xmlns:p8="xsi" />
            </Method>
          </Methods>
        </Class>
        <Class>
          <Summary numSequencePoints="12" visitedSequencePoints="12" numBranchPoints="0" visitedBranchPoints="0" sequenceCoverage="100" branchCoverage="100" maxCyclomaticComplexity="1" minCyclomaticComplexity="1" visitedClasses="1" numClasses="1" visitedMethods="4" numMethods="4" />
          <FullName>PizzaBox.Domain.Models.VeggiePizza</FullName>
          <Methods>
            <Method cyclomaticComplexity="1" nPathComplexity="0" sequenceCoverage="100" branchCoverage="100" isConstructor="False" isGetter="False" isSetter="False" isStatic="True">
              <Summary numSequencePoints="3" visitedSequencePoints="3" numBranchPoints="0" visitedBranchPoints="0" sequenceCoverage="100" branchCoverage="100" maxCyclomaticComplexity="1" minCyclomaticComplexity="1" visitedClasses="0" numClasses="0" visitedMethods="1" numMethods="1" />
              <MetadataToken />
              <Name>System.Void PizzaBox.Domain.Models.VeggiePizza::AddName()</Name>
              <FileRef uid="6" />
              <SequencePoints>
                <SequencePoint vc="1" uspid="11" ordinal="0" sl="11" sc="1" el="11" ec="2" bec="0" bev="0" fileid="6" />
                <SequencePoint vc="1" uspid="12" ordinal="1" sl="12" sc="1" el="12" ec="2" bec="0" bev="0" fileid="6" />
                <SequencePoint vc="1" uspid="13" ordinal="2" sl="13" sc="1" el="13" ec="2" bec="0" bev="0" fileid="6" />
              </SequencePoints>
              <BranchPoints />
              <MethodPoint vc="3" uspid="0" p8:type="SequencePoint" ordinal="0" offset="0" sc="0" sl="11" ec="1" el="13" bec="0" bev="0" fileid="6" xmlns:p8="xsi" />
            </Method>
            <Method cyclomaticComplexity="1" nPathComplexity="0" sequenceCoverage="100" branchCoverage="100" isConstructor="False" isGetter="False" isSetter="False" isStatic="True">
              <Summary numSequencePoints="3" visitedSequencePoints="3" numBranchPoints="0" visitedBranchPoints="0" sequenceCoverage="100" branchCoverage="100" maxCyclomaticComplexity="1" minCyclomaticComplexity="1" visitedClasses="0" numClasses="0" visitedMethods="1" numMethods="1" />
              <MetadataToken />
              <Name>System.Void PizzaBox.Domain.Models.VeggiePizza::AddCrust()</Name>
              <FileRef uid="6" />
              <SequencePoints>
                <SequencePoint vc="1" uspid="15" ordinal="0" sl="15" sc="1" el="15" ec="2" bec="0" bev="0" fileid="6" />
                <SequencePoint vc="1" uspid="16" ordinal="1" sl="16" sc="1" el="16" ec="2" bec="0" bev="0" fileid="6" />
                <SequencePoint vc="1" uspid="17" ordinal="2" sl="17" sc="1" el="17" ec="2" bec="0" bev="0" fileid="6" />
              </SequencePoints>
              <BranchPoints />
              <MethodPoint vc="3" uspid="0" p8:type="SequencePoint" ordinal="1" offset="1" sc="0" sl="15" ec="1" el="17" bec="0" bev="0" fileid="6" xmlns:p8="xsi" />
            </Method>
            <Method cyclomaticComplexity="1" nPathComplexity="0" sequenceCoverage="100" branchCoverage="100" isConstructor="False" isGetter="False" isSetter="False" isStatic="True">
              <Summary numSequencePoints="3" visitedSequencePoints="3" numBranchPoints="0" visitedBranchPoints="0" sequenceCoverage="100" branchCoverage="100" maxCyclomaticComplexity="1" minCyclomaticComplexity="1" visitedClasses="0" numClasses="0" visitedMethods="1" numMethods="1" />
              <MetadataToken />
              <Name>System.Void PizzaBox.Domain.Models.VeggiePizza::AddSize()</Name>
              <FileRef uid="6" />
              <SequencePoints>
                <SequencePoint vc="1" uspid="20" ordinal="0" sl="20" sc="1" el="20" ec="2" bec="0" bev="0" fileid="6" />
                <SequencePoint vc="1" uspid="21" ordinal="1" sl="21" sc="1" el="21" ec="2" bec="0" bev="0" fileid="6" />
                <SequencePoint vc="1" uspid="22" ordinal="2" sl="22" sc="1" el="22" ec="2" bec="0" bev="0" fileid="6" />
              </SequencePoints>
              <BranchPoints />
              <MethodPoint vc="3" uspid="0" p8:type="SequencePoint" ordinal="2" offset="2" sc="0" sl="20" ec="1" el="22" bec="0" bev="0" fileid="6" xmlns:p8="xsi" />
            </Method>
            <Method cyclomaticComplexity="1" nPathComplexity="0" sequenceCoverage="100" branchCoverage="100" isConstructor="False" isGetter="False" isSetter="False" isStatic="True">
              <Summary numSequencePoints="3" visitedSequencePoints="3" numBranchPoints="0" visitedBranchPoints="0" sequenceCoverage="100" branchCoverage="100" maxCyclomaticComplexity="1" minCyclomaticComplexity="1" visitedClasses="0" numClasses="0" visitedMethods="1" numMethods="1" />
              <MetadataToken />
              <Name>System.Void PizzaBox.Domain.Models.VeggiePizza::AddToppings()</Name>
              <FileRef uid="6" />
              <SequencePoints>
                <SequencePoint vc="1" uspid="25" ordinal="0" sl="25" sc="1" el="25" ec="2" bec="0" bev="0" fileid="6" />
                <SequencePoint vc="1" uspid="26" ordinal="1" sl="26" sc="1" el="26" ec="2" bec="0" bev="0" fileid="6" />
                <SequencePoint vc="1" uspid="27" ordinal="2" sl="27" sc="1" el="27" ec="2" bec="0" bev="0" fileid="6" />
              </SequencePoints>
              <BranchPoints />
              <MethodPoint vc="3" uspid="0" p8:type="SequencePoint" ordinal="3" offset="3" sc="0" sl="25" ec="1" el="27" bec="0" bev="0" fileid="6" xmlns:p8="xsi" />
            </Method>
          </Methods>
        </Class>
        <Class>
          <Summary numSequencePoints="1" visitedSequencePoints="0" numBranchPoints="0" visitedBranchPoints="0" sequenceCoverage="0" branchCoverage="100" maxCyclomaticComplexity="1" minCyclomaticComplexity="1" visitedClasses="0" numClasses="1" visitedMethods="0" numMethods="1" />
          <FullName>PizzaBox.Domain.Models.Size</FullName>
          <Methods>
            <Method cyclomaticComplexity="1" nPathComplexity="0" sequenceCoverage="0" branchCoverage="100" isConstructor="False" isGetter="True" isSetter="False" isStatic="True">
              <Summary numSequencePoints="1" visitedSequencePoints="0" numBranchPoints="0" visitedBranchPoints="0" sequenceCoverage="0" branchCoverage="100" maxCyclomaticComplexity="1" minCyclomaticComplexity="1" visitedClasses="0" numClasses="0" visitedMethods="0" numMethods="1" />
              <MetadataToken />
              <Name>System.Collections.Generic.List`1&lt;PizzaBox.Domain.Abstracts.APizza&gt; PizzaBox.Domain.Models.Size::get_Pizzas()</Name>
              <FileRef uid="7" />
              <SequencePoints>
                <SequencePoint vc="0" uspid="10" ordinal="0" sl="10" sc="1" el="10" ec="2" bec="0" bev="0" fileid="7" />
              </SequencePoints>
              <BranchPoints />
              <MethodPoint vc="0" uspid="0" p8:type="SequencePoint" ordinal="0" offset="0" sc="0" sl="10" ec="1" el="10" bec="0" bev="0" fileid="7" xmlns:p8="xsi" />
            </Method>
          </Methods>
        </Class>
        <Class>
          <Summary numSequencePoints="4" visitedSequencePoints="4" numBranchPoints="0" visitedBranchPoints="0" sequenceCoverage="100" branchCoverage="100" maxCyclomaticComplexity="1" minCyclomaticComplexity="1" visitedClasses="1" numClasses="1" visitedMethods="1" numMethods="1" />
          <FullName>PizzaBox.Domain.Models.ChicagoStore</FullName>
          <Methods>
            <Method cyclomaticComplexity="1" nPathComplexity="0" sequenceCoverage="100" branchCoverage="100" isConstructor="True" isGetter="False" isSetter="False" isStatic="True">
              <Summary numSequencePoints="4" visitedSequencePoints="4" numBranchPoints="0" visitedBranchPoints="0" sequenceCoverage="100" branchCoverage="100" maxCyclomaticComplexity="1" minCyclomaticComplexity="1" visitedClasses="0" numClasses="0" visitedMethods="1" numMethods="1" />
              <MetadataToken />
              <Name>System.Void PizzaBox.Domain.Models.ChicagoStore::.ctor()</Name>
              <FileRef uid="8" />
              <SequencePoints>
                <SequencePoint vc="1" uspid="11" ordinal="0" sl="11" sc="1" el="11" ec="2" bec="0" bev="0" fileid="8" />
                <SequencePoint vc="1" uspid="12" ordinal="1" sl="12" sc="1" el="12" ec="2" bec="0" bev="0" fileid="8" />
                <SequencePoint vc="1" uspid="13" ordinal="2" sl="13" sc="1" el="13" ec="2" bec="0" bev="0" fileid="8" />
                <SequencePoint vc="1" uspid="14" ordinal="3" sl="14" sc="1" el="14" ec="2" bec="0" bev="0" fileid="8" />
              </SequencePoints>
              <BranchPoints />
              <MethodPoint vc="4" uspid="0" p8:type="SequencePoint" ordinal="0" offset="0" sc="0" sl="11" ec="1" el="14" bec="0" bev="0" fileid="8" xmlns:p8="xsi" />
            </Method>
          </Methods>
        </Class>
        <Class>
          <Summary numSequencePoints="4" visitedSequencePoints="4" numBranchPoints="0" visitedBranchPoints="0" sequenceCoverage="100" branchCoverage="100" maxCyclomaticComplexity="1" minCyclomaticComplexity="1" visitedClasses="1" numClasses="1" visitedMethods="1" numMethods="1" />
          <FullName>PizzaBox.Domain.Models.NewYorkStore</FullName>
          <Methods>
            <Method cyclomaticComplexity="1" nPathComplexity="0" sequenceCoverage="100" branchCoverage="100" isConstructor="True" isGetter="False" isSetter="False" isStatic="True">
              <Summary numSequencePoints="4" visitedSequencePoints="4" numBranchPoints="0" visitedBranchPoints="0" sequenceCoverage="100" branchCoverage="100" maxCyclomaticComplexity="1" minCyclomaticComplexity="1" visitedClasses="0" numClasses="0" visitedMethods="1" numMethods="1" />
              <MetadataToken />
              <Name>System.Void PizzaBox.Domain.Models.NewYorkStore::.ctor()</Name>
              <FileRef uid="9" />
              <SequencePoints>
                <SequencePoint vc="3" uspid="12" ordinal="0" sl="12" sc="1" el="12" ec="2" bec="0" bev="0" fileid="9" />
                <SequencePoint vc="3" uspid="13" ordinal="1" sl="13" sc="1" el="13" ec="2" bec="0" bev="0" fileid="9" />
                <SequencePoint vc="3" uspid="14" ordinal="2" sl="14" sc="1" el="14" ec="2" bec="0" bev="0" fileid="9" />
                <SequencePoint vc="3" uspid="15" ordinal="3" sl="15" sc="1" el="15" ec="2" bec="0" bev="0" fileid="9" />
              </SequencePoints>
              <BranchPoints />
              <MethodPoint vc="4" uspid="0" p8:type="SequencePoint" ordinal="0" offset="0" sc="0" sl="12" ec="1" el="15" bec="0" bev="0" fileid="9" xmlns:p8="xsi" />
            </Method>
          </Methods>
        </Class>
        <Class>
          <Summary numSequencePoints="4" visitedSequencePoints="0" numBranchPoints="2" visitedBranchPoints="0" sequenceCoverage="0" branchCoverage="0" maxCyclomaticComplexity="2" minCyclomaticComplexity="1" visitedClasses="0" numClasses="1" visitedMethods="0" numMethods="2" />
          <FullName>PizzaBox.Domain.Models.Topping</FullName>
          <Methods>
            <Method cyclomaticComplexity="1" nPathComplexity="0" sequenceCoverage="0" branchCoverage="100" isConstructor="False" isGetter="True" isSetter="False" isStatic="True">
              <Summary numSequencePoints="1" visitedSequencePoints="0" numBranchPoints="0" visitedBranchPoints="0" sequenceCoverage="0" branchCoverage="100" maxCyclomaticComplexity="1" minCyclomaticComplexity="1" visitedClasses="0" numClasses="0" visitedMethods="0" numMethods="1" />
              <MetadataToken />
              <Name>System.Collections.Generic.List`1&lt;PizzaBox.Domain.Abstracts.APizza&gt; PizzaBox.Domain.Models.Topping::get_Pizzas()</Name>
              <FileRef uid="10" />
              <SequencePoints>
                <SequencePoint vc="0" uspid="10" ordinal="0" sl="10" sc="1" el="10" ec="2" bec="0" bev="0" fileid="10" />
              </SequencePoints>
              <BranchPoints />
              <MethodPoint vc="0" uspid="0" p8:type="SequencePoint" ordinal="0" offset="0" sc="0" sl="10" ec="1" el="10" bec="0" bev="0" fileid="10" xmlns:p8="xsi" />
            </Method>
            <Method cyclomaticComplexity="2" nPathComplexity="0" sequenceCoverage="0" branchCoverage="0" isConstructor="False" isGetter="False" isSetter="False" isStatic="True">
              <Summary numSequencePoints="3" visitedSequencePoints="0" numBranchPoints="2" visitedBranchPoints="0" sequenceCoverage="0" branchCoverage="0" maxCyclomaticComplexity="2" minCyclomaticComplexity="2" visitedClasses="0" numClasses="0" visitedMethods="0" numMethods="1" />
              <MetadataToken />
              <Name>System.String PizzaBox.Domain.Models.Topping::ToString()</Name>
              <FileRef uid="10" />
              <SequencePoints>
                <SequencePoint vc="0" uspid="13" ordinal="0" sl="13" sc="1" el="13" ec="2" bec="0" bev="0" fileid="10" />
                <SequencePoint vc="0" uspid="14" ordinal="1" sl="14" sc="1" el="14" ec="2" bec="2" bev="0" fileid="10" />
                <SequencePoint vc="0" uspid="15" ordinal="2" sl="15" sc="1" el="15" ec="2" bec="0" bev="0" fileid="10" />
              </SequencePoints>
              <BranchPoints>
                <BranchPoint vc="0" uspid="14" ordinal="0" path="0" offset="8" offsetend="10" sl="14" fileid="10" />
                <BranchPoint vc="0" uspid="14" ordinal="1" path="1" offset="8" offsetend="16" sl="14" fileid="10" />
              </BranchPoints>
              <MethodPoint vc="0" uspid="0" p8:type="SequencePoint" ordinal="1" offset="1" sc="0" sl="13" ec="1" el="15" bec="0" bev="0" fileid="10" xmlns:p8="xsi" />
            </Method>
          </Methods>
        </Class>
        <Class>
          <Summary numSequencePoints="5" visitedSequencePoints="5" numBranchPoints="2" visitedBranchPoints="2" sequenceCoverage="100" branchCoverage="100" maxCyclomaticComplexity="2" minCyclomaticComplexity="1" visitedClasses="1" numClasses="1" visitedMethods="3" numMethods="3" />
          <FullName>PizzaBox.Domain.Abstracts.AComponent</FullName>
          <Methods>
            <Method cyclomaticComplexity="1" nPathComplexity="0" sequenceCoverage="100" branchCoverage="100" isConstructor="False" isGetter="True" isSetter="False" isStatic="True">
              <Summary numSequencePoints="1" visitedSequencePoints="1" numBranchPoints="0" visitedBranchPoints="0" sequenceCoverage="100" branchCoverage="100" maxCyclomaticComplexity="1" minCyclomaticComplexity="1" visitedClasses="0" numClasses="0" visitedMethods="1" numMethods="1" />
              <MetadataToken />
              <Name>System.String PizzaBox.Domain.Abstracts.AComponent::get_Name()</Name>
              <FileRef uid="11" />
              <SequencePoints>
                <SequencePoint vc="8" uspid="11" ordinal="0" sl="11" sc="1" el="11" ec="2" bec="0" bev="0" fileid="11" />
              </SequencePoints>
              <BranchPoints />
              <MethodPoint vc="1" uspid="0" p8:type="SequencePoint" ordinal="0" offset="0" sc="0" sl="11" ec="1" el="11" bec="0" bev="0" fileid="11" xmlns:p8="xsi" />
            </Method>
            <Method cyclomaticComplexity="1" nPathComplexity="0" sequenceCoverage="100" branchCoverage="100" isConstructor="False" isGetter="True" isSetter="False" isStatic="True">
              <Summary numSequencePoints="1" visitedSequencePoints="1" numBranchPoints="0" visitedBranchPoints="0" sequenceCoverage="100" branchCoverage="100" maxCyclomaticComplexity="1" minCyclomaticComplexity="1" visitedClasses="0" numClasses="0" visitedMethods="1" numMethods="1" />
              <MetadataToken />
              <Name>System.Decimal PizzaBox.Domain.Abstracts.AComponent::get_Price()</Name>
              <FileRef uid="11" />
              <SequencePoints>
                <SequencePoint vc="1" uspid="14" ordinal="0" sl="14" sc="1" el="14" ec="2" bec="0" bev="0" fileid="11" />
              </SequencePoints>
              <BranchPoints />
              <MethodPoint vc="1" uspid="0" p8:type="SequencePoint" ordinal="1" offset="1" sc="0" sl="14" ec="1" el="14" bec="0" bev="0" fileid="11" xmlns:p8="xsi" />
            </Method>
            <Method cyclomaticComplexity="2" nPathComplexity="0" sequenceCoverage="100" branchCoverage="100" isConstructor="False" isGetter="False" isSetter="False" isStatic="True">
              <Summary numSequencePoints="3" visitedSequencePoints="3" numBranchPoints="2" visitedBranchPoints="2" sequenceCoverage="100" branchCoverage="100" maxCyclomaticComplexity="2" minCyclomaticComplexity="2" visitedClasses="0" numClasses="0" visitedMethods="1" numMethods="1" />
              <MetadataToken />
              <Name>System.String PizzaBox.Domain.Abstracts.AComponent::ToString()</Name>
              <FileRef uid="11" />
              <SequencePoints>
                <SequencePoint vc="6" uspid="17" ordinal="0" sl="17" sc="1" el="17" ec="2" bec="0" bev="0" fileid="11" />
                <SequencePoint vc="6" uspid="18" ordinal="1" sl="18" sc="1" el="18" ec="2" bec="2" bev="2" fileid="11" />
                <SequencePoint vc="6" uspid="19" ordinal="2" sl="19" sc="1" el="19" ec="2" bec="0" bev="0" fileid="11" />
              </SequencePoints>
              <BranchPoints>
                <BranchPoint vc="6" uspid="18" ordinal="0" path="0" offset="8" offsetend="10" sl="18" fileid="11" />
                <BranchPoint vc="6" uspid="18" ordinal="1" path="1" offset="8" offsetend="16" sl="18" fileid="11" />
              </BranchPoints>
              <MethodPoint vc="3" uspid="0" p8:type="SequencePoint" ordinal="2" offset="2" sc="0" sl="17" ec="1" el="19" bec="0" bev="0" fileid="11" xmlns:p8="xsi" />
            </Method>
          </Methods>
        </Class>
        <Class>
          <Summary numSequencePoints="1" visitedSequencePoints="0" numBranchPoints="0" visitedBranchPoints="0" sequenceCoverage="0" branchCoverage="100" maxCyclomaticComplexity="1" minCyclomaticComplexity="1" visitedClasses="0" numClasses="1" visitedMethods="0" numMethods="1" />
          <FullName>PizzaBox.Domain.Abstracts.AModel</FullName>
          <Methods>
            <Method cyclomaticComplexity="1" nPathComplexity="0" sequenceCoverage="0" branchCoverage="100" isConstructor="False" isGetter="True" isSetter="False" isStatic="True">
              <Summary numSequencePoints="1" visitedSequencePoints="0" numBranchPoints="0" visitedBranchPoints="0" sequenceCoverage="0" branchCoverage="100" maxCyclomaticComplexity="1" minCyclomaticComplexity="1" visitedClasses="0" numClasses="0" visitedMethods="0" numMethods="1" />
              <MetadataToken />
              <Name>System.Int64 PizzaBox.Domain.Abstracts.AModel::get_EntityId()</Name>
              <FileRef uid="12" />
              <SequencePoints>
                <SequencePoint vc="0" uspid="5" ordinal="0" sl="5" sc="1" el="5" ec="2" bec="0" bev="0" fileid="12" />
              </SequencePoints>
              <BranchPoints />
              <MethodPoint vc="0" uspid="0" p8:type="SequencePoint" ordinal="0" offset="0" sc="0" sl="5" ec="1" el="5" bec="0" bev="0" fileid="12" xmlns:p8="xsi" />
            </Method>
          </Methods>
        </Class>
        <Class>
          <Summary numSequencePoints="28" visitedSequencePoints="19" numBranchPoints="4" visitedBranchPoints="1" sequenceCoverage="67.85" branchCoverage="25" maxCyclomaticComplexity="2" minCyclomaticComplexity="1" visitedClasses="1" numClasses="1" visitedMethods="6" numMethods="10" />
          <FullName>PizzaBox.Domain.Abstracts.APizza</FullName>
          <Methods>
            <Method cyclomaticComplexity="1" nPathComplexity="0" sequenceCoverage="100" branchCoverage="100" isConstructor="False" isGetter="True" isSetter="False" isStatic="True">
              <Summary numSequencePoints="1" visitedSequencePoints="1" numBranchPoints="0" visitedBranchPoints="0" sequenceCoverage="100" branchCoverage="100" maxCyclomaticComplexity="1" minCyclomaticComplexity="1" visitedClasses="0" numClasses="0" visitedMethods="1" numMethods="1" />
              <MetadataToken />
              <Name>PizzaBox.Domain.Models.Crust PizzaBox.Domain.Abstracts.APizza::get_Crust()</Name>
              <FileRef uid="13" />
              <SequencePoints>
                <SequencePoint vc="6" uspid="18" ordinal="0" sl="18" sc="1" el="18" ec="2" bec="0" bev="0" fileid="13" />
              </SequencePoints>
              <BranchPoints />
              <MethodPoint vc="1" uspid="0" p8:type="SequencePoint" ordinal="0" offset="0" sc="0" sl="18" ec="1" el="18" bec="0" bev="0" fileid="13" xmlns:p8="xsi" />
            </Method>
            <Method cyclomaticComplexity="1" nPathComplexity="0" sequenceCoverage="0" branchCoverage="100" isConstructor="False" isGetter="True" isSetter="False" isStatic="True">
              <Summary numSequencePoints="1" visitedSequencePoints="0" numBranchPoints="0" visitedBranchPoints="0" sequenceCoverage="0" branchCoverage="100" maxCyclomaticComplexity="1" minCyclomaticComplexity="1" visitedClasses="0" numClasses="0" visitedMethods="0" numMethods="1" />
              <MetadataToken />
              <Name>System.Int64 PizzaBox.Domain.Abstracts.APizza::get_CrustId()</Name>
              <FileRef uid="13" />
              <SequencePoints>
                <SequencePoint vc="0" uspid="19" ordinal="0" sl="19" sc="1" el="19" ec="2" bec="0" bev="0" fileid="13" />
              </SequencePoints>
              <BranchPoints />
              <MethodPoint vc="0" uspid="0" p8:type="SequencePoint" ordinal="1" offset="1" sc="0" sl="19" ec="1" el="19" bec="0" bev="0" fileid="13" xmlns:p8="xsi" />
            </Method>
            <Method cyclomaticComplexity="1" nPathComplexity="0" sequenceCoverage="100" branchCoverage="100" isConstructor="False" isGetter="True" isSetter="False" isStatic="True">
              <Summary numSequencePoints="1" visitedSequencePoints="1" numBranchPoints="0" visitedBranchPoints="0" sequenceCoverage="100" branchCoverage="100" maxCyclomaticComplexity="1" minCyclomaticComplexity="1" visitedClasses="0" numClasses="0" visitedMethods="1" numMethods="1" />
              <MetadataToken />
              <Name>PizzaBox.Domain.Models.Size PizzaBox.Domain.Abstracts.APizza::get_Size()</Name>
              <FileRef uid="13" />
              <SequencePoints>
                <SequencePoint vc="6" uspid="20" ordinal="0" sl="20" sc="1" el="20" ec="2" bec="0" bev="0" fileid="13" />
              </SequencePoints>
              <BranchPoints />
              <MethodPoint vc="1" uspid="0" p8:type="SequencePoint" ordinal="2" offset="2" sc="0" sl="20" ec="1" el="20" bec="0" bev="0" fileid="13" xmlns:p8="xsi" />
            </Method>
            <Method cyclomaticComplexity="1" nPathComplexity="0" sequenceCoverage="0" branchCoverage="100" isConstructor="False" isGetter="True" isSetter="False" isStatic="True">
              <Summary numSequencePoints="1" visitedSequencePoints="0" numBranchPoints="0" visitedBranchPoints="0" sequenceCoverage="0" branchCoverage="100" maxCyclomaticComplexity="1" minCyclomaticComplexity="1" visitedClasses="0" numClasses="0" visitedMethods="0" numMethods="1" />
              <MetadataToken />
              <Name>System.Int64 PizzaBox.Domain.Abstracts.APizza::get_SizeId()</Name>
              <FileRef uid="13" />
              <SequencePoints>
                <SequencePoint vc="0" uspid="21" ordinal="0" sl="21" sc="1" el="21" ec="2" bec="0" bev="0" fileid="13" />
              </SequencePoints>
              <BranchPoints />
              <MethodPoint vc="0" uspid="0" p8:type="SequencePoint" ordinal="3" offset="3" sc="0" sl="21" ec="1" el="21" bec="0" bev="0" fileid="13" xmlns:p8="xsi" />
            </Method>
            <Method cyclomaticComplexity="1" nPathComplexity="0" sequenceCoverage="100" branchCoverage="100" isConstructor="False" isGetter="True" isSetter="False" isStatic="True">
              <Summary numSequencePoints="1" visitedSequencePoints="1" numBranchPoints="0" visitedBranchPoints="0" sequenceCoverage="100" branchCoverage="100" maxCyclomaticComplexity="1" minCyclomaticComplexity="1" visitedClasses="0" numClasses="0" visitedMethods="1" numMethods="1" />
              <MetadataToken />
              <Name>System.Collections.Generic.List`1&lt;PizzaBox.Domain.Models.Topping&gt; PizzaBox.Domain.Abstracts.APizza::get_Toppings()</Name>
              <FileRef uid="13" />
              <SequencePoints>
                <SequencePoint vc="6" uspid="22" ordinal="0" sl="22" sc="1" el="22" ec="2" bec="0" bev="0" fileid="13" />
              </SequencePoints>
              <BranchPoints />
              <MethodPoint vc="1" uspid="0" p8:type="SequencePoint" ordinal="4" offset="4" sc="0" sl="22" ec="1" el="22" bec="0" bev="0" fileid="13" xmlns:p8="xsi" />
            </Method>
            <Method cyclomaticComplexity="1" nPathComplexity="0" sequenceCoverage="0" branchCoverage="100" isConstructor="False" isGetter="True" isSetter="False" isStatic="True">
              <Summary numSequencePoints="1" visitedSequencePoints="0" numBranchPoints="0" visitedBranchPoints="0" sequenceCoverage="0" branchCoverage="100" maxCyclomaticComplexity="1" minCyclomaticComplexity="1" visitedClasses="0" numClasses="0" visitedMethods="0" numMethods="1" />
              <MetadataToken />
              <Name>System.Decimal PizzaBox.Domain.Abstracts.APizza::get_Price()</Name>
              <FileRef uid="13" />
              <SequencePoints>
                <SequencePoint vc="0" uspid="25" ordinal="0" sl="25" sc="1" el="25" ec="2" bec="0" bev="0" fileid="13" />
              </SequencePoints>
              <BranchPoints />
              <MethodPoint vc="0" uspid="0" p8:type="SequencePoint" ordinal="5" offset="5" sc="0" sl="25" ec="1" el="25" bec="0" bev="0" fileid="13" xmlns:p8="xsi" />
            </Method>
            <Method cyclomaticComplexity="1" nPathComplexity="0" sequenceCoverage="100" branchCoverage="100" isConstructor="True" isGetter="False" isSetter="False" isStatic="True">
              <Summary numSequencePoints="6" visitedSequencePoints="6" numBranchPoints="0" visitedBranchPoints="0" sequenceCoverage="100" branchCoverage="100" maxCyclomaticComplexity="1" minCyclomaticComplexity="1" visitedClasses="0" numClasses="0" visitedMethods="1" numMethods="1" />
              <MetadataToken />
              <Name>System.Void PizzaBox.Domain.Abstracts.APizza::Factory()</Name>
              <FileRef uid="13" />
              <SequencePoints>
                <SequencePoint vc="3" uspid="31" ordinal="0" sl="31" sc="1" el="31" ec="2" bec="0" bev="0" fileid="13" />
                <SequencePoint vc="3" uspid="32" ordinal="1" sl="32" sc="1" el="32" ec="2" bec="0" bev="0" fileid="13" />
                <SequencePoint vc="3" uspid="33" ordinal="2" sl="33" sc="1" el="33" ec="2" bec="0" bev="0" fileid="13" />
                <SequencePoint vc="3" uspid="34" ordinal="3" sl="34" sc="1" el="34" ec="2" bec="0" bev="0" fileid="13" />
                <SequencePoint vc="3" uspid="35" ordinal="4" sl="35" sc="1" el="35" ec="2" bec="0" bev="0" fileid="13" />
                <SequencePoint vc="3" uspid="36" ordinal="5" sl="36" sc="1" el="36" ec="2" bec="0" bev="0" fileid="13" />
              </SequencePoints>
              <BranchPoints />
              <MethodPoint vc="6" uspid="0" p8:type="SequencePoint" ordinal="6" offset="6" sc="0" sl="31" ec="1" el="36" bec="0" bev="0" fileid="13" xmlns:p8="xsi" />
            </Method>
            <Method cyclomaticComplexity="2" nPathComplexity="0" sequenceCoverage="0" branchCoverage="0" isConstructor="False" isGetter="False" isSetter="False" isStatic="True">
              <Summary numSequencePoints="3" visitedSequencePoints="0" numBranchPoints="2" visitedBranchPoints="0" sequenceCoverage="0" branchCoverage="0" maxCyclomaticComplexity="2" minCyclomaticComplexity="2" visitedClasses="0" numClasses="0" visitedMethods="0" numMethods="1" />
              <MetadataToken />
              <Name>System.String PizzaBox.Domain.Abstracts.APizza::MenuToString()</Name>
              <FileRef uid="13" />
              <SequencePoints>
                <SequencePoint vc="0" uspid="44" ordinal="0" sl="44" sc="1" el="44" ec="2" bec="0" bev="0" fileid="13" />
                <SequencePoint vc="0" uspid="45" ordinal="1" sl="45" sc="1" el="45" ec="2" bec="2" bev="0" fileid="13" />
                <SequencePoint vc="0" uspid="46" ordinal="2" sl="46" sc="1" el="46" ec="2" bec="0" bev="0" fileid="13" />
              </SequencePoints>
              <BranchPoints>
                <BranchPoint vc="0" uspid="45" ordinal="0" path="0" offset="8" offsetend="10" sl="45" fileid="13" />
                <BranchPoint vc="0" uspid="45" ordinal="1" path="1" offset="8" offsetend="16" sl="45" fileid="13" />
              </BranchPoints>
              <MethodPoint vc="0" uspid="0" p8:type="SequencePoint" ordinal="7" offset="7" sc="0" sl="44" ec="1" el="46" bec="0" bev="0" fileid="13" xmlns:p8="xsi" />
            </Method>
            <Method cyclomaticComplexity="2" nPathComplexity="0" sequenceCoverage="66.66" branchCoverage="50" isConstructor="False" isGetter="False" isSetter="False" isStatic="True">
              <Summary numSequencePoints="9" visitedSequencePoints="6" numBranchPoints="2" visitedBranchPoints="1" sequenceCoverage="66.66" branchCoverage="50" maxCyclomaticComplexity="2" minCyclomaticComplexity="2" visitedClasses="0" numClasses="0" visitedMethods="1" numMethods="1" />
              <MetadataToken />
              <Name>System.String PizzaBox.Domain.Abstracts.APizza::ToString()</Name>
              <FileRef uid="13" />
              <SequencePoints>
                <SequencePoint vc="3" uspid="49" ordinal="0" sl="49" sc="1" el="49" ec="2" bec="0" bev="0" fileid="13" />
                <SequencePoint vc="3" uspid="50" ordinal="1" sl="50" sc="1" el="50" ec="2" bec="0" bev="0" fileid="13" />
                <SequencePoint vc="3" uspid="51" ordinal="2" sl="51" sc="1" el="51" ec="2" bec="0" bev="0" fileid="13" />
                <SequencePoint vc="9" uspid="53" ordinal="3" sl="53" sc="1" el="53" ec="2" bec="2" bev="1" fileid="13" />
                <SequencePoint vc="0" uspid="54" ordinal="4" sl="54" sc="1" el="54" ec="2" bec="0" bev="0" fileid="13" />
                <SequencePoint vc="0" uspid="55" ordinal="5" sl="55" sc="1" el="55" ec="2" bec="0" bev="0" fileid="13" />
                <SequencePoint vc="0" uspid="56" ordinal="6" sl="56" sc="1" el="56" ec="2" bec="0" bev="0" fileid="13" />
                <SequencePoint vc="3" uspid="58" ordinal="7" sl="58" sc="1" el="58" ec="2" bec="0" bev="0" fileid="13" />
                <SequencePoint vc="3" uspid="59" ordinal="8" sl="59" sc="1" el="59" ec="2" bec="0" bev="0" fileid="13" />
              </SequencePoints>
              <BranchPoints>
                <BranchPoint vc="0" uspid="53" ordinal="1" path="1" offset="64" offsetend="28" sl="53" fileid="13" />
                <BranchPoint vc="3" uspid="53" ordinal="0" path="0" offset="64" offsetend="66" sl="53" fileid="13" />
              </BranchPoints>
              <MethodPoint vc="6" uspid="0" p8:type="SequencePoint" ordinal="8" offset="8" sc="0" sl="49" ec="1" el="59" bec="0" bev="0" fileid="13" xmlns:p8="xsi" />
            </Method>
            <Method cyclomaticComplexity="1" nPathComplexity="0" sequenceCoverage="100" branchCoverage="100" isConstructor="True" isGetter="False" isSetter="False" isStatic="True">
              <Summary numSequencePoints="4" visitedSequencePoints="4" numBranchPoints="0" visitedBranchPoints="0" sequenceCoverage="100" branchCoverage="100" maxCyclomaticComplexity="1" minCyclomaticComplexity="1" visitedClasses="0" numClasses="0" visitedMethods="1" numMethods="1" />
              <MetadataToken />
              <Name>System.Void PizzaBox.Domain.Abstracts.APizza::.ctor()</Name>
              <FileRef uid="13" />
              <SequencePoints>
                <SequencePoint vc="3" uspid="26" ordinal="0" sl="26" sc="1" el="26" ec="2" bec="0" bev="0" fileid="13" />
                <SequencePoint vc="3" uspid="27" ordinal="1" sl="27" sc="1" el="27" ec="2" bec="0" bev="0" fileid="13" />
                <SequencePoint vc="3" uspid="28" ordinal="2" sl="28" sc="1" el="28" ec="2" bec="0" bev="0" fileid="13" />
                <SequencePoint vc="3" uspid="29" ordinal="3" sl="29" sc="1" el="29" ec="2" bec="0" bev="0" fileid="13" />
              </SequencePoints>
              <BranchPoints />
              <MethodPoint vc="4" uspid="0" p8:type="SequencePoint" ordinal="9" offset="9" sc="0" sl="26" ec="1" el="29" bec="0" bev="0" fileid="13" xmlns:p8="xsi" />
            </Method>
          </Methods>
        </Class>
        <Class>
          <Summary numSequencePoints="4" visitedSequencePoints="1" numBranchPoints="0" visitedBranchPoints="0" sequenceCoverage="25" branchCoverage="100" maxCyclomaticComplexity="1" minCyclomaticComplexity="1" visitedClasses="1" numClasses="1" visitedMethods="1" numMethods="2" />
          <FullName>PizzaBox.Domain.Abstracts.AStore</FullName>
          <Methods>
            <Method cyclomaticComplexity="1" nPathComplexity="0" sequenceCoverage="100" branchCoverage="100" isConstructor="False" isGetter="True" isSetter="False" isStatic="True">
              <Summary numSequencePoints="1" visitedSequencePoints="1" numBranchPoints="0" visitedBranchPoints="0" sequenceCoverage="100" branchCoverage="100" maxCyclomaticComplexity="1" minCyclomaticComplexity="1" visitedClasses="0" numClasses="0" visitedMethods="1" numMethods="1" />
              <MetadataToken />
              <Name>System.String PizzaBox.Domain.Abstracts.AStore::get_Name()</Name>
              <FileRef uid="14" />
              <SequencePoints>
                <SequencePoint vc="6" uspid="10" ordinal="0" sl="10" sc="1" el="10" ec="2" bec="0" bev="0" fileid="14" />
              </SequencePoints>
              <BranchPoints />
              <MethodPoint vc="1" uspid="0" p8:type="SequencePoint" ordinal="0" offset="0" sc="0" sl="10" ec="1" el="10" bec="0" bev="0" fileid="14" xmlns:p8="xsi" />
            </Method>
            <Method cyclomaticComplexity="1" nPathComplexity="0" sequenceCoverage="0" branchCoverage="100" isConstructor="False" isGetter="False" isSetter="False" isStatic="True">
              <Summary numSequencePoints="3" visitedSequencePoints="0" numBranchPoints="0" visitedBranchPoints="0" sequenceCoverage="0" branchCoverage="100" maxCyclomaticComplexity="1" minCyclomaticComplexity="1" visitedClasses="0" numClasses="0" visitedMethods="0" numMethods="1" />
              <MetadataToken />
              <Name>System.String PizzaBox.Domain.Abstracts.AStore::ToString()</Name>
              <FileRef uid="14" />
              <SequencePoints>
                <SequencePoint vc="0" uspid="14" ordinal="0" sl="14" sc="1" el="14" ec="2" bec="0" bev="0" fileid="14" />
                <SequencePoint vc="0" uspid="15" ordinal="1" sl="15" sc="1" el="15" ec="2" bec="0" bev="0" fileid="14" />
                <SequencePoint vc="0" uspid="16" ordinal="2" sl="16" sc="1" el="16" ec="2" bec="0" bev="0" fileid="14" />
              </SequencePoints>
              <BranchPoints />
              <MethodPoint vc="0" uspid="0" p8:type="SequencePoint" ordinal="1" offset="1" sc="0" sl="14" ec="1" el="16" bec="0" bev="0" fileid="14" xmlns:p8="xsi" />
            </Method>
          </Methods>
        </Class>
        <Class>
          <Summary numSequencePoints="1" visitedSequencePoints="0" numBranchPoints="0" visitedBranchPoints="0" sequenceCoverage="0" branchCoverage="100" maxCyclomaticComplexity="1" minCyclomaticComplexity="1" visitedClasses="0" numClasses="1" visitedMethods="0" numMethods="1" />
          <FullName>PizzaBox.Domain.Abstracts.Entity</FullName>
          <Methods>
            <Method cyclomaticComplexity="1" nPathComplexity="0" sequenceCoverage="0" branchCoverage="100" isConstructor="False" isGetter="True" isSetter="False" isStatic="True">
              <Summary numSequencePoints="1" visitedSequencePoints="0" numBranchPoints="0" visitedBranchPoints="0" sequenceCoverage="0" branchCoverage="100" maxCyclomaticComplexity="1" minCyclomaticComplexity="1" visitedClasses="0" numClasses="0" visitedMethods="0" numMethods="1" />
              <MetadataToken />
              <Name>System.Int64 PizzaBox.Domain.Abstracts.Entity::get_EntityId()</Name>
              <FileRef uid="15" />
              <SequencePoints>
                <SequencePoint vc="0" uspid="5" ordinal="0" sl="5" sc="1" el="5" ec="2" bec="0" bev="0" fileid="15" />
              </SequencePoints>
              <BranchPoints />
              <MethodPoint vc="0" uspid="0" p8:type="SequencePoint" ordinal="0" offset="0" sc="0" sl="5" ec="1" el="5" bec="0" bev="0" fileid="15" xmlns:p8="xsi" />
            </Method>
          </Methods>
        </Class>
      </Classes>
    </Module>
    <Module hash="361F27BF-DB08-4A2B-88C3-BB5F5914318B">
      <ModulePath>PizzaBox.Storing.dll</ModulePath>
      <ModuleTime>2021-05-11T09:16:36</ModuleTime>
      <ModuleName>PizzaBox.Storing</ModuleName>
      <Files>
        <File uid="16" fullPath="/Users/elwynpalmerton/revature/project-pizzabox-web/PizzaBox.Storing/PizzaBoxContext.cs" />
        <File uid="17" fullPath="/Users/elwynpalmerton/revature/project-pizzabox-web/PizzaBox.Storing/UnitOfWork.cs" />
        <File uid="18" fullPath="/Users/elwynpalmerton/revature/project-pizzabox-web/PizzaBox.Storing/Storing/CrustRepository.cs" />
        <File uid="19" fullPath="/Users/elwynpalmerton/revature/project-pizzabox-web/PizzaBox.Storing/Storing/CustomerRepository.cs" />
        <File uid="20" fullPath="/Users/elwynpalmerton/revature/project-pizzabox-web/PizzaBox.Storing/Storing/FileRepository.cs" />
        <File uid="21" fullPath="/Users/elwynpalmerton/revature/project-pizzabox-web/PizzaBox.Storing/Storing/OrderRepository.cs" />
        <File uid="22" fullPath="/Users/elwynpalmerton/revature/project-pizzabox-web/PizzaBox.Storing/Storing/PizzaRepository.cs" />
        <File uid="23" fullPath="/Users/elwynpalmerton/revature/project-pizzabox-web/PizzaBox.Storing/Storing/SizeRepository.cs" />
        <File uid="24" fullPath="/Users/elwynpalmerton/revature/project-pizzabox-web/PizzaBox.Storing/Storing/StoreRepository.cs" />
        <File uid="25" fullPath="/Users/elwynpalmerton/revature/project-pizzabox-web/PizzaBox.Storing/Storing/ToppingRepository.cs" />
        <File uid="26" fullPath="/Users/elwynpalmerton/revature/project-pizzabox-web/PizzaBox.Storing/Migrations/20210509021354_initial migration.cs" />
        <File uid="27" fullPath="/Users/elwynpalmerton/revature/project-pizzabox-web/PizzaBox.Storing/Migrations/20210509021354_initial migration.Designer.cs" />
        <File uid="28" fullPath="/Users/elwynpalmerton/revature/project-pizzabox-web/PizzaBox.Storing/Migrations/20210509195503_add customers.cs" />
        <File uid="29" fullPath="/Users/elwynpalmerton/revature/project-pizzabox-web/PizzaBox.Storing/Migrations/20210509195503_add customers.Designer.cs" />
        <File uid="30" fullPath="/Users/elwynpalmerton/revature/project-pizzabox-web/PizzaBox.Storing/Migrations/20210509224135_Add APizza and Custom Pizza.cs" />
        <File uid="31" fullPath="/Users/elwynpalmerton/revature/project-pizzabox-web/PizzaBox.Storing/Migrations/20210509224135_Add APizza and Custom Pizza.Designer.cs" />
        <File uid="32" fullPath="/Users/elwynpalmerton/revature/project-pizzabox-web/PizzaBox.Storing/Migrations/20210509232223_Add Pizza list on tops, size, crust.cs" />
        <File uid="33" fullPath="/Users/elwynpalmerton/revature/project-pizzabox-web/PizzaBox.Storing/Migrations/20210509232223_Add Pizza list on tops, size, crust.Designer.cs" />
        <File uid="34" fullPath="/Users/elwynpalmerton/revature/project-pizzabox-web/PizzaBox.Storing/Migrations/20210510031058_add stores.cs" />
        <File uid="35" fullPath="/Users/elwynpalmerton/revature/project-pizzabox-web/PizzaBox.Storing/Migrations/20210510031058_add stores.Designer.cs" />
        <File uid="36" fullPath="/Users/elwynpalmerton/revature/project-pizzabox-web/PizzaBox.Storing/Migrations/20210510031443_add price.cs" />
        <File uid="37" fullPath="/Users/elwynpalmerton/revature/project-pizzabox-web/PizzaBox.Storing/Migrations/20210510031443_add price.Designer.cs" />
        <File uid="38" fullPath="/Users/elwynpalmerton/revature/project-pizzabox-web/PizzaBox.Storing/Migrations/20210510031621_add price data annotation.cs" />
        <File uid="39" fullPath="/Users/elwynpalmerton/revature/project-pizzabox-web/PizzaBox.Storing/Migrations/20210510031621_add price data annotation.Designer.cs" />
        <File uid="40" fullPath="/Users/elwynpalmerton/revature/project-pizzabox-web/PizzaBox.Storing/Migrations/20210510032135_add price seed data.cs" />
        <File uid="41" fullPath="/Users/elwynpalmerton/revature/project-pizzabox-web/PizzaBox.Storing/Migrations/20210510032135_add price seed data.Designer.cs" />
        <File uid="42" fullPath="/Users/elwynpalmerton/revature/project-pizzabox-web/PizzaBox.Storing/Migrations/20210510032446_add size price seed data.cs" />
        <File uid="43" fullPath="/Users/elwynpalmerton/revature/project-pizzabox-web/PizzaBox.Storing/Migrations/20210510032446_add size price seed data.Designer.cs" />
        <File uid="44" fullPath="/Users/elwynpalmerton/revature/project-pizzabox-web/PizzaBox.Storing/Migrations/20210510032614_add topping price seed data.cs" />
        <File uid="45" fullPath="/Users/elwynpalmerton/revature/project-pizzabox-web/PizzaBox.Storing/Migrations/20210510032614_add topping price seed data.Designer.cs" />
        <File uid="46" fullPath="/Users/elwynpalmerton/revature/project-pizzabox-web/PizzaBox.Storing/Migrations/20210510033612_add Stores DbSet.cs" />
        <File uid="47" fullPath="/Users/elwynpalmerton/revature/project-pizzabox-web/PizzaBox.Storing/Migrations/20210510033612_add Stores DbSet.Designer.cs" />
        <File uid="48" fullPath="/Users/elwynpalmerton/revature/project-pizzabox-web/PizzaBox.Storing/Migrations/20210510041845_add Meat and Veggie pizzas.cs" />
        <File uid="49" fullPath="/Users/elwynpalmerton/revature/project-pizzabox-web/PizzaBox.Storing/Migrations/20210510041845_add Meat and Veggie pizzas.Designer.cs" />
        <File uid="50" fullPath="/Users/elwynpalmerton/revature/project-pizzabox-web/PizzaBox.Storing/Migrations/20210511051203_add orders.cs" />
        <File uid="51" fullPath="/Users/elwynpalmerton/revature/project-pizzabox-web/PizzaBox.Storing/Migrations/20210511051203_add orders.Designer.cs" />
        <File uid="52" fullPath="/Users/elwynpalmerton/revature/project-pizzabox-web/PizzaBox.Storing/Migrations/PizzaBoxContextModelSnapshot.cs" />
      </Files>
      <Classes>
        <Class>
          <Summary numSequencePoints="126" visitedSequencePoints="0" numBranchPoints="0" visitedBranchPoints="0" sequenceCoverage="0" branchCoverage="100" maxCyclomaticComplexity="1" minCyclomaticComplexity="1" visitedClasses="0" numClasses="1" visitedMethods="0" numMethods="10" />
          <FullName>PizzaBox.Storage.PizzaBoxContext</FullName>
          <Methods>
            <Method cyclomaticComplexity="1" nPathComplexity="0" sequenceCoverage="0" branchCoverage="100" isConstructor="False" isGetter="True" isSetter="False" isStatic="True">
              <Summary numSequencePoints="1" visitedSequencePoints="0" numBranchPoints="0" visitedBranchPoints="0" sequenceCoverage="0" branchCoverage="100" maxCyclomaticComplexity="1" minCyclomaticComplexity="1" visitedClasses="0" numClasses="0" visitedMethods="0" numMethods="1" />
              <MetadataToken />
              <Name>Microsoft.EntityFrameworkCore.DbSet`1&lt;PizzaBox.Domain.Models.Crust&gt; PizzaBox.Storage.PizzaBoxContext::get_Crusts()</Name>
              <FileRef uid="16" />
              <SequencePoints>
                <SequencePoint vc="0" uspid="9" ordinal="0" sl="9" sc="1" el="9" ec="2" bec="0" bev="0" fileid="16" />
              </SequencePoints>
              <BranchPoints />
              <MethodPoint vc="0" uspid="0" p8:type="SequencePoint" ordinal="0" offset="0" sc="0" sl="9" ec="1" el="9" bec="0" bev="0" fileid="16" xmlns:p8="xsi" />
            </Method>
            <Method cyclomaticComplexity="1" nPathComplexity="0" sequenceCoverage="0" branchCoverage="100" isConstructor="False" isGetter="True" isSetter="False" isStatic="True">
              <Summary numSequencePoints="1" visitedSequencePoints="0" numBranchPoints="0" visitedBranchPoints="0" sequenceCoverage="0" branchCoverage="100" maxCyclomaticComplexity="1" minCyclomaticComplexity="1" visitedClasses="0" numClasses="0" visitedMethods="0" numMethods="1" />
              <MetadataToken />
              <Name>Microsoft.EntityFrameworkCore.DbSet`1&lt;PizzaBox.Domain.Models.Size&gt; PizzaBox.Storage.PizzaBoxContext::get_Sizes()</Name>
              <FileRef uid="16" />
              <SequencePoints>
                <SequencePoint vc="0" uspid="10" ordinal="0" sl="10" sc="1" el="10" ec="2" bec="0" bev="0" fileid="16" />
              </SequencePoints>
              <BranchPoints />
              <MethodPoint vc="0" uspid="0" p8:type="SequencePoint" ordinal="1" offset="1" sc="0" sl="10" ec="1" el="10" bec="0" bev="0" fileid="16" xmlns:p8="xsi" />
            </Method>
            <Method cyclomaticComplexity="1" nPathComplexity="0" sequenceCoverage="0" branchCoverage="100" isConstructor="False" isGetter="True" isSetter="False" isStatic="True">
              <Summary numSequencePoints="1" visitedSequencePoints="0" numBranchPoints="0" visitedBranchPoints="0" sequenceCoverage="0" branchCoverage="100" maxCyclomaticComplexity="1" minCyclomaticComplexity="1" visitedClasses="0" numClasses="0" visitedMethods="0" numMethods="1" />
              <MetadataToken />
              <Name>Microsoft.EntityFrameworkCore.DbSet`1&lt;PizzaBox.Domain.Models.Topping&gt; PizzaBox.Storage.PizzaBoxContext::get_Toppings()</Name>
              <FileRef uid="16" />
              <SequencePoints>
                <SequencePoint vc="0" uspid="11" ordinal="0" sl="11" sc="1" el="11" ec="2" bec="0" bev="0" fileid="16" />
              </SequencePoints>
              <BranchPoints />
              <MethodPoint vc="0" uspid="0" p8:type="SequencePoint" ordinal="2" offset="2" sc="0" sl="11" ec="1" el="11" bec="0" bev="0" fileid="16" xmlns:p8="xsi" />
            </Method>
            <Method cyclomaticComplexity="1" nPathComplexity="0" sequenceCoverage="0" branchCoverage="100" isConstructor="False" isGetter="True" isSetter="False" isStatic="True">
              <Summary numSequencePoints="1" visitedSequencePoints="0" numBranchPoints="0" visitedBranchPoints="0" sequenceCoverage="0" branchCoverage="100" maxCyclomaticComplexity="1" minCyclomaticComplexity="1" visitedClasses="0" numClasses="0" visitedMethods="0" numMethods="1" />
              <MetadataToken />
              <Name>Microsoft.EntityFrameworkCore.DbSet`1&lt;PizzaBox.Domain.Models.Customer&gt; PizzaBox.Storage.PizzaBoxContext::get_Customers()</Name>
              <FileRef uid="16" />
              <SequencePoints>
                <SequencePoint vc="0" uspid="12" ordinal="0" sl="12" sc="1" el="12" ec="2" bec="0" bev="0" fileid="16" />
              </SequencePoints>
              <BranchPoints />
              <MethodPoint vc="0" uspid="0" p8:type="SequencePoint" ordinal="3" offset="3" sc="0" sl="12" ec="1" el="12" bec="0" bev="0" fileid="16" xmlns:p8="xsi" />
            </Method>
            <Method cyclomaticComplexity="1" nPathComplexity="0" sequenceCoverage="0" branchCoverage="100" isConstructor="False" isGetter="True" isSetter="False" isStatic="True">
              <Summary numSequencePoints="1" visitedSequencePoints="0" numBranchPoints="0" visitedBranchPoints="0" sequenceCoverage="0" branchCoverage="100" maxCyclomaticComplexity="1" minCyclomaticComplexity="1" visitedClasses="0" numClasses="0" visitedMethods="0" numMethods="1" />
              <MetadataToken />
              <Name>Microsoft.EntityFrameworkCore.DbSet`1&lt;PizzaBox.Domain.Abstracts.APizza&gt; PizzaBox.Storage.PizzaBoxContext::get_Pizzas()</Name>
              <FileRef uid="16" />
              <SequencePoints>
                <SequencePoint vc="0" uspid="13" ordinal="0" sl="13" sc="1" el="13" ec="2" bec="0" bev="0" fileid="16" />
              </SequencePoints>
              <BranchPoints />
              <MethodPoint vc="0" uspid="0" p8:type="SequencePoint" ordinal="4" offset="4" sc="0" sl="13" ec="1" el="13" bec="0" bev="0" fileid="16" xmlns:p8="xsi" />
            </Method>
            <Method cyclomaticComplexity="1" nPathComplexity="0" sequenceCoverage="0" branchCoverage="100" isConstructor="False" isGetter="True" isSetter="False" isStatic="True">
              <Summary numSequencePoints="1" visitedSequencePoints="0" numBranchPoints="0" visitedBranchPoints="0" sequenceCoverage="0" branchCoverage="100" maxCyclomaticComplexity="1" minCyclomaticComplexity="1" visitedClasses="0" numClasses="0" visitedMethods="0" numMethods="1" />
              <MetadataToken />
              <Name>Microsoft.EntityFrameworkCore.DbSet`1&lt;PizzaBox.Domain.Abstracts.AStore&gt; PizzaBox.Storage.PizzaBoxContext::get_Stores()</Name>
              <FileRef uid="16" />
              <SequencePoints>
                <SequencePoint vc="0" uspid="14" ordinal="0" sl="14" sc="1" el="14" ec="2" bec="0" bev="0" fileid="16" />
              </SequencePoints>
              <BranchPoints />
              <MethodPoint vc="0" uspid="0" p8:type="SequencePoint" ordinal="5" offset="5" sc="0" sl="14" ec="1" el="14" bec="0" bev="0" fileid="16" xmlns:p8="xsi" />
            </Method>
            <Method cyclomaticComplexity="1" nPathComplexity="0" sequenceCoverage="0" branchCoverage="100" isConstructor="False" isGetter="True" isSetter="False" isStatic="True">
              <Summary numSequencePoints="1" visitedSequencePoints="0" numBranchPoints="0" visitedBranchPoints="0" sequenceCoverage="0" branchCoverage="100" maxCyclomaticComplexity="1" minCyclomaticComplexity="1" visitedClasses="0" numClasses="0" visitedMethods="0" numMethods="1" />
              <MetadataToken />
              <Name>Microsoft.EntityFrameworkCore.DbSet`1&lt;PizzaBox.Domain.Models.Order&gt; PizzaBox.Storage.PizzaBoxContext::get_Orders()</Name>
              <FileRef uid="16" />
              <SequencePoints>
[...]
                <SequencePoint vc="0" uspid="249" ordinal="225" sl="249" sc="1" el="249" ec="2" bec="0" bev="0" fileid="52" />
                <SequencePoint vc="0" uspid="250" ordinal="226" sl="250" sc="1" el="250" ec="2" bec="0" bev="0" fileid="52" />
                <SequencePoint vc="0" uspid="251" ordinal="227" sl="251" sc="1" el="251" ec="2" bec="0" bev="0" fileid="52" />
                <SequencePoint vc="0" uspid="252" ordinal="228" sl="252" sc="1" el="252" ec="2" bec="0" bev="0" fileid="52" />
                <SequencePoint vc="0" uspid="253" ordinal="229" sl="253" sc="1" el="253" ec="2" bec="0" bev="0" fileid="52" />
                <SequencePoint vc="0" uspid="254" ordinal="230" sl="254" sc="1" el="254" ec="2" bec="0" bev="0" fileid="52" />
                <SequencePoint vc="0" uspid="255" ordinal="231" sl="255" sc="1" el="255" ec="2" bec="0" bev="0" fileid="52" />
                <SequencePoint vc="0" uspid="256" ordinal="232" sl="256" sc="1" el="256" ec="2" bec="0" bev="0" fileid="52" />
                <SequencePoint vc="0" uspid="257" ordinal="233" sl="257" sc="1" el="257" ec="2" bec="0" bev="0" fileid="52" />
                <SequencePoint vc="0" uspid="258" ordinal="234" sl="258" sc="1" el="258" ec="2" bec="0" bev="0" fileid="52" />
                <SequencePoint vc="0" uspid="259" ordinal="235" sl="259" sc="1" el="259" ec="2" bec="0" bev="0" fileid="52" />
                <SequencePoint vc="0" uspid="260" ordinal="236" sl="260" sc="1" el="260" ec="2" bec="0" bev="0" fileid="52" />
                <SequencePoint vc="0" uspid="261" ordinal="237" sl="261" sc="1" el="261" ec="2" bec="0" bev="0" fileid="52" />
                <SequencePoint vc="0" uspid="262" ordinal="238" sl="262" sc="1" el="262" ec="2" bec="0" bev="0" fileid="52" />
                <SequencePoint vc="0" uspid="263" ordinal="239" sl="263" sc="1" el="263" ec="2" bec="0" bev="0" fileid="52" />
                <SequencePoint vc="0" uspid="264" ordinal="240" sl="264" sc="1" el="264" ec="2" bec="0" bev="0" fileid="52" />
                <SequencePoint vc="0" uspid="265" ordinal="241" sl="265" sc="1" el="265" ec="2" bec="0" bev="0" fileid="52" />
                <SequencePoint vc="0" uspid="266" ordinal="242" sl="266" sc="1" el="266" ec="2" bec="0" bev="0" fileid="52" />
                <SequencePoint vc="0" uspid="267" ordinal="243" sl="267" sc="1" el="267" ec="2" bec="0" bev="0" fileid="52" />
                <SequencePoint vc="0" uspid="268" ordinal="244" sl="268" sc="1" el="268" ec="2" bec="0" bev="0" fileid="52" />
                <SequencePoint vc="0" uspid="269" ordinal="245" sl="269" sc="1" el="269" ec="2" bec="0" bev="0" fileid="52" />
                <SequencePoint vc="0" uspid="270" ordinal="246" sl="270" sc="1" el="270" ec="2" bec="0" bev="0" fileid="52" />
                <SequencePoint vc="0" uspid="271" ordinal="247" sl="271" sc="1" el="271" ec="2" bec="0" bev="0" fileid="52" />
                <SequencePoint vc="0" uspid="272" ordinal="248" sl="272" sc="1" el="272" ec="2" bec="0" bev="0" fileid="52" />
                <SequencePoint vc="0" uspid="273" ordinal="249" sl="273" sc="1" el="273" ec="2" bec="0" bev="0" fileid="52" />
                <SequencePoint vc="0" uspid="274" ordinal="250" sl="274" sc="1" el="274" ec="2" bec="0" bev="0" fileid="52" />
                <SequencePoint vc="0" uspid="275" ordinal="251" sl="275" sc="1" el="275" ec="2" bec="0" bev="0" fileid="52" />
                <SequencePoint vc="0" uspid="276" ordinal="252" sl="276" sc="1" el="276" ec="2" bec="0" bev="0" fileid="52" />
                <SequencePoint vc="0" uspid="277" ordinal="253" sl="277" sc="1" el="277" ec="2" bec="0" bev="0" fileid="52" />
                <SequencePoint vc="0" uspid="278" ordinal="254" sl="278" sc="1" el="278" ec="2" bec="0" bev="0" fileid="52" />
                <SequencePoint vc="0" uspid="279" ordinal="255" sl="279" sc="1" el="279" ec="2" bec="0" bev="0" fileid="52" />
                <SequencePoint vc="0" uspid="280" ordinal="256" sl="280" sc="1" el="280" ec="2" bec="0" bev="0" fileid="52" />
                <SequencePoint vc="0" uspid="281" ordinal="257" sl="281" sc="1" el="281" ec="2" bec="0" bev="0" fileid="52" />
                <SequencePoint vc="0" uspid="282" ordinal="258" sl="282" sc="1" el="282" ec="2" bec="0" bev="0" fileid="52" />
                <SequencePoint vc="0" uspid="283" ordinal="259" sl="283" sc="1" el="283" ec="2" bec="0" bev="0" fileid="52" />
                <SequencePoint vc="0" uspid="284" ordinal="260" sl="284" sc="1" el="284" ec="2" bec="0" bev="0" fileid="52" />
                <SequencePoint vc="0" uspid="285" ordinal="261" sl="285" sc="1" el="285" ec="2" bec="0" bev="0" fileid="52" />
                <SequencePoint vc="0" uspid="286" ordinal="262" sl="286" sc="1" el="286" ec="2" bec="0" bev="0" fileid="52" />
                <SequencePoint vc="0" uspid="287" ordinal="263" sl="287" sc="1" el="287" ec="2" bec="0" bev="0" fileid="52" />
                <SequencePoint vc="0" uspid="288" ordinal="264" sl="288" sc="1" el="288" ec="2" bec="0" bev="0" fileid="52" />
                <SequencePoint vc="0" uspid="289" ordinal="265" sl="289" sc="1" el="289" ec="2" bec="0" bev="0" fileid="52" />
                <SequencePoint vc="0" uspid="290" ordinal="266" sl="290" sc="1" el="290" ec="2" bec="0" bev="0" fileid="52" />
                <SequencePoint vc="0" uspid="291" ordinal="267" sl="291" sc="1" el="291" ec="2" bec="0" bev="0" fileid="52" />
                <SequencePoint vc="0" uspid="292" ordinal="268" sl="292" sc="1" el="292" ec="2" bec="0" bev="0" fileid="52" />
                <SequencePoint vc="0" uspid="293" ordinal="269" sl="293" sc="1" el="293" ec="2" bec="0" bev="0" fileid="52" />
                <SequencePoint vc="0" uspid="294" ordinal="270" sl="294" sc="1" el="294" ec="2" bec="0" bev="0" fileid="52" />
                <SequencePoint vc="0" uspid="295" ordinal="271" sl="295" sc="1" el="295" ec="2" bec="0" bev="0" fileid="52" />
                <SequencePoint vc="0" uspid="297" ordinal="272" sl="297" sc="1" el="297" ec="2" bec="0" bev="0" fileid="52" />
                <SequencePoint vc="0" uspid="298" ordinal="273" sl="298" sc="1" el="298" ec="2" bec="0" bev="0" fileid="52" />
                <SequencePoint vc="0" uspid="299" ordinal="274" sl="299" sc="1" el="299" ec="2" bec="0" bev="0" fileid="52" />
                <SequencePoint vc="0" uspid="300" ordinal="275" sl="300" sc="1" el="300" ec="2" bec="0" bev="0" fileid="52" />
                <SequencePoint vc="0" uspid="301" ordinal="276" sl="301" sc="1" el="301" ec="2" bec="0" bev="0" fileid="52" />
                <SequencePoint vc="0" uspid="302" ordinal="277" sl="302" sc="1" el="302" ec="2" bec="0" bev="0" fileid="52" />
                <SequencePoint vc="0" uspid="304" ordinal="278" sl="304" sc="1" el="304" ec="2" bec="0" bev="0" fileid="52" />
                <SequencePoint vc="0" uspid="305" ordinal="279" sl="305" sc="1" el="305" ec="2" bec="0" bev="0" fileid="52" />
                <SequencePoint vc="0" uspid="306" ordinal="280" sl="306" sc="1" el="306" ec="2" bec="0" bev="0" fileid="52" />
                <SequencePoint vc="0" uspid="307" ordinal="281" sl="307" sc="1" el="307" ec="2" bec="0" bev="0" fileid="52" />
                <SequencePoint vc="0" uspid="308" ordinal="282" sl="308" sc="1" el="308" ec="2" bec="0" bev="0" fileid="52" />
                <SequencePoint vc="0" uspid="309" ordinal="283" sl="309" sc="1" el="309" ec="2" bec="0" bev="0" fileid="52" />
                <SequencePoint vc="0" uspid="311" ordinal="284" sl="311" sc="1" el="311" ec="2" bec="0" bev="0" fileid="52" />
                <SequencePoint vc="0" uspid="312" ordinal="285" sl="312" sc="1" el="312" ec="2" bec="0" bev="0" fileid="52" />
                <SequencePoint vc="0" uspid="313" ordinal="286" sl="313" sc="1" el="313" ec="2" bec="0" bev="0" fileid="52" />
                <SequencePoint vc="0" uspid="314" ordinal="287" sl="314" sc="1" el="314" ec="2" bec="0" bev="0" fileid="52" />
                <SequencePoint vc="0" uspid="315" ordinal="288" sl="315" sc="1" el="315" ec="2" bec="0" bev="0" fileid="52" />
                <SequencePoint vc="0" uspid="316" ordinal="289" sl="316" sc="1" el="316" ec="2" bec="0" bev="0" fileid="52" />
                <SequencePoint vc="0" uspid="318" ordinal="290" sl="318" sc="1" el="318" ec="2" bec="0" bev="0" fileid="52" />
                <SequencePoint vc="0" uspid="319" ordinal="291" sl="319" sc="1" el="319" ec="2" bec="0" bev="0" fileid="52" />
                <SequencePoint vc="0" uspid="320" ordinal="292" sl="320" sc="1" el="320" ec="2" bec="0" bev="0" fileid="52" />
                <SequencePoint vc="0" uspid="321" ordinal="293" sl="321" sc="1" el="321" ec="2" bec="0" bev="0" fileid="52" />
                <SequencePoint vc="0" uspid="322" ordinal="294" sl="322" sc="1" el="322" ec="2" bec="0" bev="0" fileid="52" />
                <SequencePoint vc="0" uspid="323" ordinal="295" sl="323" sc="1" el="323" ec="2" bec="0" bev="0" fileid="52" />
                <SequencePoint vc="0" uspid="324" ordinal="296" sl="324" sc="1" el="324" ec="2" bec="0" bev="0" fileid="52" />
                <SequencePoint vc="0" uspid="325" ordinal="297" sl="325" sc="1" el="325" ec="2" bec="0" bev="0" fileid="52" />
                <SequencePoint vc="0" uspid="326" ordinal="298" sl="326" sc="1" el="326" ec="2" bec="0" bev="0" fileid="52" />
                <SequencePoint vc="0" uspid="327" ordinal="299" sl="327" sc="1" el="327" ec="2" bec="0" bev="0" fileid="52" />
                <SequencePoint vc="0" uspid="328" ordinal="300" sl="328" sc="1" el="328" ec="2" bec="0" bev="0" fileid="52" />
                <SequencePoint vc="0" uspid="329" ordinal="301" sl="329" sc="1" el="329" ec="2" bec="0" bev="0" fileid="52" />
                <SequencePoint vc="0" uspid="330" ordinal="302" sl="330" sc="1" el="330" ec="2" bec="0" bev="0" fileid="52" />
                <SequencePoint vc="0" uspid="332" ordinal="303" sl="332" sc="1" el="332" ec="2" bec="0" bev="0" fileid="52" />
                <SequencePoint vc="0" uspid="333" ordinal="304" sl="333" sc="1" el="333" ec="2" bec="0" bev="0" fileid="52" />
                <SequencePoint vc="0" uspid="334" ordinal="305" sl="334" sc="1" el="334" ec="2" bec="0" bev="0" fileid="52" />
                <SequencePoint vc="0" uspid="335" ordinal="306" sl="335" sc="1" el="335" ec="2" bec="0" bev="0" fileid="52" />
                <SequencePoint vc="0" uspid="336" ordinal="307" sl="336" sc="1" el="336" ec="2" bec="0" bev="0" fileid="52" />
                <SequencePoint vc="0" uspid="337" ordinal="308" sl="337" sc="1" el="337" ec="2" bec="0" bev="0" fileid="52" />
                <SequencePoint vc="0" uspid="338" ordinal="309" sl="338" sc="1" el="338" ec="2" bec="0" bev="0" fileid="52" />
                <SequencePoint vc="0" uspid="339" ordinal="310" sl="339" sc="1" el="339" ec="2" bec="0" bev="0" fileid="52" />
                <SequencePoint vc="0" uspid="340" ordinal="311" sl="340" sc="1" el="340" ec="2" bec="0" bev="0" fileid="52" />
                <SequencePoint vc="0" uspid="341" ordinal="312" sl="341" sc="1" el="341" ec="2" bec="0" bev="0" fileid="52" />
                <SequencePoint vc="0" uspid="342" ordinal="313" sl="342" sc="1" el="342" ec="2" bec="0" bev="0" fileid="52" />
                <SequencePoint vc="0" uspid="343" ordinal="314" sl="343" sc="1" el="343" ec="2" bec="0" bev="0" fileid="52" />
                <SequencePoint vc="0" uspid="344" ordinal="315" sl="344" sc="1" el="344" ec="2" bec="0" bev="0" fileid="52" />
                <SequencePoint vc="0" uspid="346" ordinal="316" sl="346" sc="1" el="346" ec="2" bec="0" bev="0" fileid="52" />
                <SequencePoint vc="0" uspid="347" ordinal="317" sl="347" sc="1" el="347" ec="2" bec="0" bev="0" fileid="52" />
                <SequencePoint vc="0" uspid="348" ordinal="318" sl="348" sc="1" el="348" ec="2" bec="0" bev="0" fileid="52" />
                <SequencePoint vc="0" uspid="349" ordinal="319" sl="349" sc="1" el="349" ec="2" bec="0" bev="0" fileid="52" />
                <SequencePoint vc="0" uspid="350" ordinal="320" sl="350" sc="1" el="350" ec="2" bec="0" bev="0" fileid="52" />
                <SequencePoint vc="0" uspid="351" ordinal="321" sl="351" sc="1" el="351" ec="2" bec="0" bev="0" fileid="52" />
                <SequencePoint vc="0" uspid="352" ordinal="322" sl="352" sc="1" el="352" ec="2" bec="0" bev="0" fileid="52" />
                <SequencePoint vc="0" uspid="353" ordinal="323" sl="353" sc="1" el="353" ec="2" bec="0" bev="0" fileid="52" />
                <SequencePoint vc="0" uspid="354" ordinal="324" sl="354" sc="1" el="354" ec="2" bec="0" bev="0" fileid="52" />
                <SequencePoint vc="0" uspid="355" ordinal="325" sl="355" sc="1" el="355" ec="2" bec="0" bev="0" fileid="52" />
                <SequencePoint vc="0" uspid="356" ordinal="326" sl="356" sc="1" el="356" ec="2" bec="0" bev="0" fileid="52" />
                <SequencePoint vc="0" uspid="357" ordinal="327" sl="357" sc="1" el="357" ec="2" bec="0" bev="0" fileid="52" />
                <SequencePoint vc="0" uspid="358" ordinal="328" sl="358" sc="1" el="358" ec="2" bec="0" bev="0" fileid="52" />
                <SequencePoint vc="0" uspid="359" ordinal="329" sl="359" sc="1" el="359" ec="2" bec="0" bev="0" fileid="52" />
                <SequencePoint vc="0" uspid="361" ordinal="330" sl="361" sc="1" el="361" ec="2" bec="0" bev="0" fileid="52" />
                <SequencePoint vc="0" uspid="362" ordinal="331" sl="362" sc="1" el="362" ec="2" bec="0" bev="0" fileid="52" />
                <SequencePoint vc="0" uspid="363" ordinal="332" sl="363" sc="1" el="363" ec="2" bec="0" bev="0" fileid="52" />
                <SequencePoint vc="0" uspid="364" ordinal="333" sl="364" sc="1" el="364" ec="2" bec="0" bev="0" fileid="52" />
                <SequencePoint vc="0" uspid="365" ordinal="334" sl="365" sc="1" el="365" ec="2" bec="0" bev="0" fileid="52" />
                <SequencePoint vc="0" uspid="366" ordinal="335" sl="366" sc="1" el="366" ec="2" bec="0" bev="0" fileid="52" />
                <SequencePoint vc="0" uspid="367" ordinal="336" sl="367" sc="1" el="367" ec="2" bec="0" bev="0" fileid="52" />
                <SequencePoint vc="0" uspid="368" ordinal="337" sl="368" sc="1" el="368" ec="2" bec="0" bev="0" fileid="52" />
                <SequencePoint vc="0" uspid="369" ordinal="338" sl="369" sc="1" el="369" ec="2" bec="0" bev="0" fileid="52" />
                <SequencePoint vc="0" uspid="370" ordinal="339" sl="370" sc="1" el="370" ec="2" bec="0" bev="0" fileid="52" />
                <SequencePoint vc="0" uspid="371" ordinal="340" sl="371" sc="1" el="371" ec="2" bec="0" bev="0" fileid="52" />
                <SequencePoint vc="0" uspid="372" ordinal="341" sl="372" sc="1" el="372" ec="2" bec="0" bev="0" fileid="52" />
                <SequencePoint vc="0" uspid="373" ordinal="342" sl="373" sc="1" el="373" ec="2" bec="0" bev="0" fileid="52" />
                <SequencePoint vc="0" uspid="374" ordinal="343" sl="374" sc="1" el="374" ec="2" bec="0" bev="0" fileid="52" />
                <SequencePoint vc="0" uspid="375" ordinal="344" sl="375" sc="1" el="375" ec="2" bec="0" bev="0" fileid="52" />
                <SequencePoint vc="0" uspid="376" ordinal="345" sl="376" sc="1" el="376" ec="2" bec="0" bev="0" fileid="52" />
                <SequencePoint vc="0" uspid="377" ordinal="346" sl="377" sc="1" el="377" ec="2" bec="0" bev="0" fileid="52" />
                <SequencePoint vc="0" uspid="378" ordinal="347" sl="378" sc="1" el="378" ec="2" bec="0" bev="0" fileid="52" />
                <SequencePoint vc="0" uspid="379" ordinal="348" sl="379" sc="1" el="379" ec="2" bec="0" bev="0" fileid="52" />
                <SequencePoint vc="0" uspid="380" ordinal="349" sl="380" sc="1" el="380" ec="2" bec="0" bev="0" fileid="52" />
                <SequencePoint vc="0" uspid="381" ordinal="350" sl="381" sc="1" el="381" ec="2" bec="0" bev="0" fileid="52" />
                <SequencePoint vc="0" uspid="382" ordinal="351" sl="382" sc="1" el="382" ec="2" bec="0" bev="0" fileid="52" />
                <SequencePoint vc="0" uspid="384" ordinal="352" sl="384" sc="1" el="384" ec="2" bec="0" bev="0" fileid="52" />
                <SequencePoint vc="0" uspid="385" ordinal="353" sl="385" sc="1" el="385" ec="2" bec="0" bev="0" fileid="52" />
                <SequencePoint vc="0" uspid="386" ordinal="354" sl="386" sc="1" el="386" ec="2" bec="0" bev="0" fileid="52" />
                <SequencePoint vc="0" uspid="387" ordinal="355" sl="387" sc="1" el="387" ec="2" bec="0" bev="0" fileid="52" />
                <SequencePoint vc="0" uspid="388" ordinal="356" sl="388" sc="1" el="388" ec="2" bec="0" bev="0" fileid="52" />
                <SequencePoint vc="0" uspid="389" ordinal="357" sl="389" sc="1" el="389" ec="2" bec="0" bev="0" fileid="52" />
                <SequencePoint vc="0" uspid="390" ordinal="358" sl="390" sc="1" el="390" ec="2" bec="0" bev="0" fileid="52" />
                <SequencePoint vc="0" uspid="391" ordinal="359" sl="391" sc="1" el="391" ec="2" bec="0" bev="0" fileid="52" />
                <SequencePoint vc="0" uspid="392" ordinal="360" sl="392" sc="1" el="392" ec="2" bec="0" bev="0" fileid="52" />
                <SequencePoint vc="0" uspid="393" ordinal="361" sl="393" sc="1" el="393" ec="2" bec="0" bev="0" fileid="52" />
                <SequencePoint vc="0" uspid="394" ordinal="362" sl="394" sc="1" el="394" ec="2" bec="0" bev="0" fileid="52" />
                <SequencePoint vc="0" uspid="395" ordinal="363" sl="395" sc="1" el="395" ec="2" bec="0" bev="0" fileid="52" />
                <SequencePoint vc="0" uspid="396" ordinal="364" sl="396" sc="1" el="396" ec="2" bec="0" bev="0" fileid="52" />
                <SequencePoint vc="0" uspid="397" ordinal="365" sl="397" sc="1" el="397" ec="2" bec="0" bev="0" fileid="52" />
                <SequencePoint vc="0" uspid="399" ordinal="366" sl="399" sc="1" el="399" ec="2" bec="0" bev="0" fileid="52" />
                <SequencePoint vc="0" uspid="400" ordinal="367" sl="400" sc="1" el="400" ec="2" bec="0" bev="0" fileid="52" />
                <SequencePoint vc="0" uspid="401" ordinal="368" sl="401" sc="1" el="401" ec="2" bec="0" bev="0" fileid="52" />
                <SequencePoint vc="0" uspid="402" ordinal="369" sl="402" sc="1" el="402" ec="2" bec="0" bev="0" fileid="52" />
                <SequencePoint vc="0" uspid="404" ordinal="370" sl="404" sc="1" el="404" ec="2" bec="0" bev="0" fileid="52" />
                <SequencePoint vc="0" uspid="405" ordinal="371" sl="405" sc="1" el="405" ec="2" bec="0" bev="0" fileid="52" />
                <SequencePoint vc="0" uspid="406" ordinal="372" sl="406" sc="1" el="406" ec="2" bec="0" bev="0" fileid="52" />
                <SequencePoint vc="0" uspid="407" ordinal="373" sl="407" sc="1" el="407" ec="2" bec="0" bev="0" fileid="52" />
                <SequencePoint vc="0" uspid="409" ordinal="374" sl="409" sc="1" el="409" ec="2" bec="0" bev="0" fileid="52" />
                <SequencePoint vc="0" uspid="410" ordinal="375" sl="410" sc="1" el="410" ec="2" bec="0" bev="0" fileid="52" />
                <SequencePoint vc="0" uspid="411" ordinal="376" sl="411" sc="1" el="411" ec="2" bec="0" bev="0" fileid="52" />
                <SequencePoint vc="0" uspid="412" ordinal="377" sl="412" sc="1" el="412" ec="2" bec="0" bev="0" fileid="52" />
                <SequencePoint vc="0" uspid="414" ordinal="378" sl="414" sc="1" el="414" ec="2" bec="0" bev="0" fileid="52" />
              </SequencePoints>
              <BranchPoints />
              <MethodPoint vc="0" uspid="0" p8:type="SequencePoint" ordinal="0" offset="0" sc="0" sl="15" ec="1" el="414" bec="0" bev="0" fileid="52" xmlns:p8="xsi" />
            </Method>
          </Methods>
        </Class>
      </Classes>
    </Module>
  </Modules>
</CoverageSession>